[15:30:21]   (using cache file — 27 results)
[15:30:21] ================================================================
[15:30:21] LIVE SCORE DEBUG  trigger=manual-button  date=2026-05-16  results_in_state=0  flat=27
[15:30:21] ================================================================
[15:30:21]   Fetching: https://statsapi.mlb.com/api/v1/schedule?sportId=1&date=2026-05-16&hydrate=linescore
[15:30:21]   MLB Stats API returned 15 game(s)
[15:30:21] 
[15:30:21]   Games from MLB Stats API:
[15:30:21]     pk=822737   [Preview ] (Pre-Game            ) Baltimore Orioles @ Washington Nationals
[15:30:21]     pk=822981   [Preview ] (Pre-Game            ) Miami Marlins @ Tampa Bay Rays
[15:30:21]     pk=823060   [Live    ] (In Progress         ) Kansas City Royals @ St. Louis Cardinals  0-1 ▼2nd B0S2O2
[15:30:21]     pk=823139   [Preview ] (Pre-Game            ) San Diego Padres @ Seattle Mariners
[15:30:21]     pk=823382   [Preview ] (Pre-Game            ) Philadelphia Phillies @ Pittsburgh Pirates
[15:30:21]     pk=823627   [Preview ] (Pre-Game            ) New York Yankees @ New York Mets
[15:30:21]     pk=823706   [Preview ] (Pre-Game            ) Milwaukee Brewers @ Minnesota Twins
[15:30:21]     pk=824038   [Preview ] (Scheduled           ) Los Angeles Dodgers @ Los Angeles Angels
[15:30:21]     pk=824193   [Preview ] (Pre-Game            ) Texas Rangers @ Houston Astros
[15:30:21]     pk=824278   [Live    ] (In Progress         ) Toronto Blue Jays @ Detroit Tigers  1-1 ▼9th B0S0O2
[15:30:21]     pk=824359   [Live    ] (In Progress         ) Arizona Diamondbacks @ Colorado Rockies  0-1 ▼1st B0S1O0
[15:30:21]     pk=824435   [Preview ] (Pre-Game            ) Cincinnati Reds @ Cleveland Guardians
[15:30:21]     pk=824600   [Preview ] (Pre-Game            ) Chicago Cubs @ Chicago White Sox
[15:30:21]     pk=824924   [Preview ] (Pre-Game            ) Boston Red Sox @ Atlanta Braves
[15:30:21]     pk=825007   [Preview ] (Scheduled           ) San Francisco Giants @ Athletics
[15:30:21] 
[15:30:21]   State summary: Live=3  Preview=12
[15:30:21] 
[15:30:21]   Matching stored results to live_map:
[15:30:21]     [6b2d5ebb90ade419...]  Toronto Blue Jays @ Detroit Tigers  →  ✓ MATCH  pk=824278  state=Live
[15:30:21]     [f1f5588e7499f456...]  Kansas City Royals @ St. Louis Cardinals  →  ✓ MATCH  pk=823060  state=Live
[15:30:21]     [e794b5b54765be45...]  Arizona Diamondbacks @ Colorado Rockies  →  ✓ MATCH  pk=824359  state=Live
[15:30:21]     [cc7b9980605dd660...]  Baltimore Orioles @ Washington Nationals  →  ✓ MATCH  pk=822737  state=Preview
[15:30:21]     [2638aded4f2e2359...]  Philadelphia Phillies @ Pittsburgh Pirates  →  ✓ MATCH  pk=823382  state=Preview
[15:30:21]     [c0881b4a195ada00...]  Miami Marlins @ Tampa Bay Rays  →  ✓ MATCH  pk=822981  state=Preview
[15:30:21]     [8cb0cf3de3f70a19...]  Cincinnati Reds @ Cleveland Guardians  →  ✓ MATCH  pk=824435  state=Preview
[15:30:21]     [4b228f8e92985dcf...]  Chicago Cubs @ Chicago White Sox  →  ✓ MATCH  pk=824600  state=Preview
[15:30:21]     [58b1dff480365011...]  Texas Rangers @ Houston Astros  →  ✓ MATCH  pk=824193  state=Preview
[15:30:21]     [a5e515bbcd25515b...]  Milwaukee Brewers @ Minnesota Twins  →  ✓ MATCH  pk=823706  state=Preview
[15:30:21]     [ca5e359ff82548ce...]  Boston Red Sox @ Atlanta Braves  →  ✓ MATCH  pk=824924  state=Preview
[15:30:21]     [c53d7080fd560dbd...]  New York Yankees @ New York Mets  →  ✓ MATCH  pk=823627  state=Preview
[15:30:21]     [d89740dbc48f3d78...]  San Diego Padres @ Seattle Mariners  →  ✓ MATCH  pk=823139  state=Preview
[15:30:21]     [a6224f9c00c2799d...]  Los Angeles Dodgers @ Los Angeles Angels  →  ✓ MATCH  pk=824038  state=Preview
[15:30:21]     [8c4164a5b90b37ee...]  San Francisco Giants @ Athletics  →  ✓ MATCH  pk=825007  state=Preview
[15:30:21]     [996ae6b240fb1d4c...]  Miami Marlins @ Tampa Bay Rays  →  ✓ MATCH  pk=822981  state=Preview
[15:30:21]     [36d5609a0cc871bc...]  Baltimore Orioles @ Washington Nationals  →  ✓ MATCH  pk=822737  state=Preview
[15:30:21]     [d125d71e5b57f505...]  Philadelphia Phillies @ Pittsburgh Pirates  →  ✓ MATCH  pk=823382  state=Preview
[15:30:21]     [2012acf4d020399d...]  Cincinnati Reds @ Cleveland Guardians  →  ✓ MATCH  pk=824435  state=Preview
[15:30:21]     [0d9a62c64d2a238a...]  Toronto Blue Jays @ Detroit Tigers  →  ✓ MATCH  pk=824278  state=Live
[15:30:21]     [8669868fab8f7f8c...]  New York Yankees @ New York Mets  →  ✓ MATCH  pk=823627  state=Preview
[15:30:21]     [116182ae8e840594...]  Chicago Cubs @ Chicago White Sox  →  ✓ MATCH  pk=824600  state=Preview
[15:30:21]     [202f16f2a36544c7...]  Kansas City Royals @ St. Louis Cardinals  →  ✓ MATCH  pk=823060  state=Live
[15:30:21]     [8732923778f83df5...]  Arizona Diamondbacks @ Colorado Rockies  →  ✓ MATCH  pk=824359  state=Live
[15:30:21]     [b51f77ee601ba774...]  San Francisco Giants @ Athletics  →  ✓ MATCH  pk=825007  state=Preview
[15:30:21]     [dd1591797593585f...]  Los Angeles Dodgers @ Los Angeles Angels  →  ✓ MATCH  pk=824038  state=Preview
[15:30:21]     [4a7ed5c0f59bf539...]  San Diego Padres @ Seattle Mariners  →  ✓ MATCH  pk=823139  state=Preview
[15:30:21] 
[15:30:21]   Match result: 27 matched, 0 unmatched out of 27
[15:30:21] ================================================================
[15:38:32] ================================================================
[15:38:32] LIVE SCORE DEBUG  trigger=auto-60s  date=2026-05-16  results_in_state=27  flat=27
[15:38:32] ================================================================
[15:38:32]   Fetching: https://statsapi.mlb.com/api/v1/schedule?sportId=1&date=2026-05-16&hydrate=linescore
[15:38:32]   MLB Stats API returned 15 game(s)
[15:38:32] 
[15:38:32]   Games from MLB Stats API:
[15:38:32]     pk=822737   [Preview ] (Pre-Game            ) Baltimore Orioles @ Washington Nationals
[15:38:32]     pk=822981   [Preview ] (Pre-Game            ) Miami Marlins @ Tampa Bay Rays
[15:38:32]     pk=823060   [Live    ] (In Progress         ) Kansas City Royals @ St. Louis Cardinals  0-1 ▲3rd B1S3O3
[15:38:32]     pk=823139   [Preview ] (Pre-Game            ) San Diego Padres @ Seattle Mariners
[15:38:32]     pk=823382   [Preview ] (Pre-Game            ) Philadelphia Phillies @ Pittsburgh Pirates
[15:38:32]     pk=823627   [Preview ] (Pre-Game            ) New York Yankees @ New York Mets
[15:38:32]     pk=823706   [Preview ] (Pre-Game            ) Milwaukee Brewers @ Minnesota Twins
[15:38:32]     pk=824038   [Preview ] (Scheduled           ) Los Angeles Dodgers @ Los Angeles Angels
[15:38:32]     pk=824193   [Preview ] (Pre-Game            ) Texas Rangers @ Houston Astros
[15:38:32]     pk=824278   [Live    ] (In Progress         ) Toronto Blue Jays @ Detroit Tigers  2-1 ▲10th B0S0O2
[15:38:32]     pk=824359   [Live    ] (In Progress         ) Arizona Diamondbacks @ Colorado Rockies  0-2 ▼1st B2S3O3
[15:38:32]     pk=824435   [Preview ] (Pre-Game            ) Cincinnati Reds @ Cleveland Guardians
[15:38:32]     pk=824600   [Preview ] (Pre-Game            ) Chicago Cubs @ Chicago White Sox
[15:38:32]     pk=824924   [Preview ] (Pre-Game            ) Boston Red Sox @ Atlanta Braves
[15:38:32]     pk=825007   [Preview ] (Scheduled           ) San Francisco Giants @ Athletics
[15:38:32] 
[15:38:32]   State summary: Live=3  Preview=12
[15:38:32] 
[15:38:32]   Matching stored results to live_map:
[15:38:32]     [6b2d5ebb90ade419...]  Toronto Blue Jays @ Detroit Tigers  →  ✓ MATCH  pk=824278  state=Live
[15:38:32]     [f1f5588e7499f456...]  Kansas City Royals @ St. Louis Cardinals  →  ✓ MATCH  pk=823060  state=Live
[15:38:32]     [e794b5b54765be45...]  Arizona Diamondbacks @ Colorado Rockies  →  ✓ MATCH  pk=824359  state=Live
[15:38:32]     [cc7b9980605dd660...]  Baltimore Orioles @ Washington Nationals  →  ✓ MATCH  pk=822737  state=Preview
[15:38:32]     [2638aded4f2e2359...]  Philadelphia Phillies @ Pittsburgh Pirates  →  ✓ MATCH  pk=823382  state=Preview
[15:38:32]     [c0881b4a195ada00...]  Miami Marlins @ Tampa Bay Rays  →  ✓ MATCH  pk=822981  state=Preview
[15:38:32]     [8cb0cf3de3f70a19...]  Cincinnati Reds @ Cleveland Guardians  →  ✓ MATCH  pk=824435  state=Preview
[15:38:32]     [4b228f8e92985dcf...]  Chicago Cubs @ Chicago White Sox  →  ✓ MATCH  pk=824600  state=Preview
[15:38:32]     [58b1dff480365011...]  Texas Rangers @ Houston Astros  →  ✓ MATCH  pk=824193  state=Preview
[15:38:32]     [a5e515bbcd25515b...]  Milwaukee Brewers @ Minnesota Twins  →  ✓ MATCH  pk=823706  state=Preview
[15:38:32]     [ca5e359ff82548ce...]  Boston Red Sox @ Atlanta Braves  →  ✓ MATCH  pk=824924  state=Preview
[15:38:32]     [c53d7080fd560dbd...]  New York Yankees @ New York Mets  →  ✓ MATCH  pk=823627  state=Preview
[15:38:32]     [d89740dbc48f3d78...]  San Diego Padres @ Seattle Mariners  →  ✓ MATCH  pk=823139  state=Preview
[15:38:32]     [a6224f9c00c2799d...]  Los Angeles Dodgers @ Los Angeles Angels  →  ✓ MATCH  pk=824038  state=Preview
[15:38:32]     [8c4164a5b90b37ee...]  San Francisco Giants @ Athletics  →  ✓ MATCH  pk=825007  state=Preview
[15:38:32]     [996ae6b240fb1d4c...]  Miami Marlins @ Tampa Bay Rays  →  ✓ MATCH  pk=822981  state=Preview
[15:38:32]     [36d5609a0cc871bc...]  Baltimore Orioles @ Washington Nationals  →  ✓ MATCH  pk=822737  state=Preview
[15:38:32]     [d125d71e5b57f505...]  Philadelphia Phillies @ Pittsburgh Pirates  →  ✓ MATCH  pk=823382  state=Preview
[15:38:32]     [2012acf4d020399d...]  Cincinnati Reds @ Cleveland Guardians  →  ✓ MATCH  pk=824435  state=Preview
[15:38:32]     [0d9a62c64d2a238a...]  Toronto Blue Jays @ Detroit Tigers  →  ✓ MATCH  pk=824278  state=Live
[15:38:32]     [8669868fab8f7f8c...]  New York Yankees @ New York Mets  →  ✓ MATCH  pk=823627  state=Preview
[15:38:32]     [116182ae8e840594...]  Chicago Cubs @ Chicago White Sox  →  ✓ MATCH  pk=824600  state=Preview
[15:38:32]     [202f16f2a36544c7...]  Kansas City Royals @ St. Louis Cardinals  →  ✓ MATCH  pk=823060  state=Live
[15:38:32]     [8732923778f83df5...]  Arizona Diamondbacks @ Colorado Rockies  →  ✓ MATCH  pk=824359  state=Live
[15:38:32]     [b51f77ee601ba774...]  San Francisco Giants @ Athletics  →  ✓ MATCH  pk=825007  state=Preview
[15:38:32]     [dd1591797593585f...]  Los Angeles Dodgers @ Los Angeles Angels  →  ✓ MATCH  pk=824038  state=Preview
[15:38:32]     [4a7ed5c0f59bf539...]  San Diego Padres @ Seattle Mariners  →  ✓ MATCH  pk=823139  state=Preview
[15:38:32] 
[15:38:32]   Match result: 27 matched, 0 unmatched out of 27
[15:38:32] ================================================================
[15:39:32] ================================================================
[15:39:32] LIVE SCORE DEBUG  trigger=auto-60s  date=2026-05-16  results_in_state=27  flat=27
[15:39:32] ================================================================
[15:39:32]   Fetching: https://statsapi.mlb.com/api/v1/schedule?sportId=1&date=2026-05-16&hydrate=linescore
[15:39:32]   MLB Stats API returned 15 game(s)
[15:39:32] 
[15:39:32]   Games from MLB Stats API:
[15:39:32]     pk=822737   [Preview ] (Pre-Game            ) Baltimore Orioles @ Washington Nationals
[15:39:32]     pk=822981   [Preview ] (Pre-Game            ) Miami Marlins @ Tampa Bay Rays
[15:39:32]     pk=823060   [Live    ] (In Progress         ) Kansas City Royals @ St. Louis Cardinals  0-1 ▼3rd B0S0O0
[15:39:32]     pk=823139   [Preview ] (Pre-Game            ) San Diego Padres @ Seattle Mariners
[15:39:32]     pk=823382   [Preview ] (Pre-Game            ) Philadelphia Phillies @ Pittsburgh Pirates
[15:39:32]     pk=823627   [Preview ] (Pre-Game            ) New York Yankees @ New York Mets
[15:39:32]     pk=823706   [Preview ] (Pre-Game            ) Milwaukee Brewers @ Minnesota Twins
[15:39:32]     pk=824038   [Preview ] (Scheduled           ) Los Angeles Dodgers @ Los Angeles Angels
[15:39:32]     pk=824193   [Preview ] (Pre-Game            ) Texas Rangers @ Houston Astros
[15:39:32]     pk=824278   [Live    ] (In Progress         ) Toronto Blue Jays @ Detroit Tigers  2-1 ▲10th B1S0O3
[15:39:32]     pk=824359   [Live    ] (In Progress         ) Arizona Diamondbacks @ Colorado Rockies  0-2 ▲2nd B1S0O0
[15:39:32]     pk=824435   [Preview ] (Pre-Game            ) Cincinnati Reds @ Cleveland Guardians
[15:39:32]     pk=824600   [Preview ] (Pre-Game            ) Chicago Cubs @ Chicago White Sox
[15:39:32]     pk=824924   [Preview ] (Pre-Game            ) Boston Red Sox @ Atlanta Braves
[15:39:32]     pk=825007   [Preview ] (Scheduled           ) San Francisco Giants @ Athletics
[15:39:32] 
[15:39:32]   State summary: Live=3  Preview=12
[15:39:32] 
[15:39:32]   Matching stored results to live_map:
[15:39:32]     [6b2d5ebb90ade419...]  Toronto Blue Jays @ Detroit Tigers  →  ✓ MATCH  pk=824278  state=Live
[15:39:32]     [f1f5588e7499f456...]  Kansas City Royals @ St. Louis Cardinals  →  ✓ MATCH  pk=823060  state=Live
[15:39:32]     [e794b5b54765be45...]  Arizona Diamondbacks @ Colorado Rockies  →  ✓ MATCH  pk=824359  state=Live
[15:39:32]     [cc7b9980605dd660...]  Baltimore Orioles @ Washington Nationals  →  ✓ MATCH  pk=822737  state=Preview
[15:39:32]     [2638aded4f2e2359...]  Philadelphia Phillies @ Pittsburgh Pirates  →  ✓ MATCH  pk=823382  state=Preview
[15:39:32]     [c0881b4a195ada00...]  Miami Marlins @ Tampa Bay Rays  →  ✓ MATCH  pk=822981  state=Preview
[15:39:32]     [8cb0cf3de3f70a19...]  Cincinnati Reds @ Cleveland Guardians  →  ✓ MATCH  pk=824435  state=Preview
[15:39:32]     [4b228f8e92985dcf...]  Chicago Cubs @ Chicago White Sox  →  ✓ MATCH  pk=824600  state=Preview
[15:39:32]     [58b1dff480365011...]  Texas Rangers @ Houston Astros  →  ✓ MATCH  pk=824193  state=Preview
[15:39:32]     [a5e515bbcd25515b...]  Milwaukee Brewers @ Minnesota Twins  →  ✓ MATCH  pk=823706  state=Preview
[15:39:32]     [ca5e359ff82548ce...]  Boston Red Sox @ Atlanta Braves  →  ✓ MATCH  pk=824924  state=Preview
[15:39:32]     [c53d7080fd560dbd...]  New York Yankees @ New York Mets  →  ✓ MATCH  pk=823627  state=Preview
[15:39:32]     [d89740dbc48f3d78...]  San Diego Padres @ Seattle Mariners  →  ✓ MATCH  pk=823139  state=Preview
[15:39:32]     [a6224f9c00c2799d...]  Los Angeles Dodgers @ Los Angeles Angels  →  ✓ MATCH  pk=824038  state=Preview
[15:39:32]     [8c4164a5b90b37ee...]  San Francisco Giants @ Athletics  →  ✓ MATCH  pk=825007  state=Preview
[15:39:32]     [996ae6b240fb1d4c...]  Miami Marlins @ Tampa Bay Rays  →  ✓ MATCH  pk=822981  state=Preview
[15:39:32]     [36d5609a0cc871bc...]  Baltimore Orioles @ Washington Nationals  →  ✓ MATCH  pk=822737  state=Preview
[15:39:32]     [d125d71e5b57f505...]  Philadelphia Phillies @ Pittsburgh Pirates  →  ✓ MATCH  pk=823382  state=Preview
[15:39:32]     [2012acf4d020399d...]  Cincinnati Reds @ Cleveland Guardians  →  ✓ MATCH  pk=824435  state=Preview
[15:39:32]     [0d9a62c64d2a238a...]  Toronto Blue Jays @ Detroit Tigers  →  ✓ MATCH  pk=824278  state=Live
[15:39:32]     [8669868fab8f7f8c...]  New York Yankees @ New York Mets  →  ✓ MATCH  pk=823627  state=Preview
[15:39:32]     [116182ae8e840594...]  Chicago Cubs @ Chicago White Sox  →  ✓ MATCH  pk=824600  state=Preview
[15:39:32]     [202f16f2a36544c7...]  Kansas City Royals @ St. Louis Cardinals  →  ✓ MATCH  pk=823060  state=Live
[15:39:32]     [8732923778f83df5...]  Arizona Diamondbacks @ Colorado Rockies  →  ✓ MATCH  pk=824359  state=Live
[15:39:32]     [b51f77ee601ba774...]  San Francisco Giants @ Athletics  →  ✓ MATCH  pk=825007  state=Preview
[15:39:32]     [dd1591797593585f...]  Los Angeles Dodgers @ Los Angeles Angels  →  ✓ MATCH  pk=824038  state=Preview
[15:39:32]     [4a7ed5c0f59bf539...]  San Diego Padres @ Seattle Mariners  →  ✓ MATCH  pk=823139  state=Preview
[15:39:32] 
[15:39:32]   Match result: 27 matched, 0 unmatched out of 27
[15:39:32] ================================================================
[15:40:32] ================================================================
[15:40:32] LIVE SCORE DEBUG  trigger=auto-60s  date=2026-05-16  results_in_state=27  flat=27
[15:40:32] ================================================================
[15:40:32]   Fetching: https://statsapi.mlb.com/api/v1/schedule?sportId=1&date=2026-05-16&hydrate=linescore
[15:40:32]   MLB Stats API returned 15 game(s)
[15:40:32] 
[15:40:32]   Games from MLB Stats API:
[15:40:32]     pk=822737   [Live    ] (Warmup              ) Baltimore Orioles @ Washington Nationals  0-0 ▲1st B0S0O0
[15:40:32]     pk=822981   [Preview ] (Pre-Game            ) Miami Marlins @ Tampa Bay Rays
[15:40:32]     pk=823060   [Live    ] (In Progress         ) Kansas City Royals @ St. Louis Cardinals  0-1 ▼3rd B1S1O0
[15:40:32]     pk=823139   [Preview ] (Pre-Game            ) San Diego Padres @ Seattle Mariners
[15:40:32]     pk=823382   [Preview ] (Pre-Game            ) Philadelphia Phillies @ Pittsburgh Pirates
[15:40:32]     pk=823627   [Preview ] (Pre-Game            ) New York Yankees @ New York Mets
[15:40:32]     pk=823706   [Preview ] (Pre-Game            ) Milwaukee Brewers @ Minnesota Twins
[15:40:32]     pk=824038   [Preview ] (Scheduled           ) Los Angeles Dodgers @ Los Angeles Angels
[15:40:32]     pk=824193   [Preview ] (Pre-Game            ) Texas Rangers @ Houston Astros
[15:40:32]     pk=824278   [Live    ] (In Progress         ) Toronto Blue Jays @ Detroit Tigers  2-1 ▲10th B1S0O3
[15:40:32]     pk=824359   [Live    ] (In Progress         ) Arizona Diamondbacks @ Colorado Rockies  0-2 ▲2nd B2S2O0
[15:40:32]     pk=824435   [Preview ] (Pre-Game            ) Cincinnati Reds @ Cleveland Guardians
[15:40:32]     pk=824600   [Preview ] (Pre-Game            ) Chicago Cubs @ Chicago White Sox
[15:40:32]     pk=824924   [Preview ] (Pre-Game            ) Boston Red Sox @ Atlanta Braves
[15:40:32]     pk=825007   [Preview ] (Scheduled           ) San Francisco Giants @ Athletics
[15:40:32] 
[15:40:32]   State summary: Live=4  Preview=11
[15:40:32] 
[15:40:32]   Matching stored results to live_map:
[15:40:32]     [6b2d5ebb90ade419...]  Toronto Blue Jays @ Detroit Tigers  →  ✓ MATCH  pk=824278  state=Live
[15:40:32]     [f1f5588e7499f456...]  Kansas City Royals @ St. Louis Cardinals  →  ✓ MATCH  pk=823060  state=Live
[15:40:32]     [e794b5b54765be45...]  Arizona Diamondbacks @ Colorado Rockies  →  ✓ MATCH  pk=824359  state=Live
[15:40:32]     [cc7b9980605dd660...]  Baltimore Orioles @ Washington Nationals  →  ✓ MATCH  pk=822737  state=Live
[15:40:32]     [2638aded4f2e2359...]  Philadelphia Phillies @ Pittsburgh Pirates  →  ✓ MATCH  pk=823382  state=Preview
[15:40:32]     [c0881b4a195ada00...]  Miami Marlins @ Tampa Bay Rays  →  ✓ MATCH  pk=822981  state=Preview
[15:40:32]     [8cb0cf3de3f70a19...]  Cincinnati Reds @ Cleveland Guardians  →  ✓ MATCH  pk=824435  state=Preview
[15:40:32]     [4b228f8e92985dcf...]  Chicago Cubs @ Chicago White Sox  →  ✓ MATCH  pk=824600  state=Preview
[15:40:32]     [58b1dff480365011...]  Texas Rangers @ Houston Astros  →  ✓ MATCH  pk=824193  state=Preview
[15:40:32]     [a5e515bbcd25515b...]  Milwaukee Brewers @ Minnesota Twins  →  ✓ MATCH  pk=823706  state=Preview
[15:40:32]     [ca5e359ff82548ce...]  Boston Red Sox @ Atlanta Braves  →  ✓ MATCH  pk=824924  state=Preview
[15:40:32]     [c53d7080fd560dbd...]  New York Yankees @ New York Mets  →  ✓ MATCH  pk=823627  state=Preview
[15:40:32]     [d89740dbc48f3d78...]  San Diego Padres @ Seattle Mariners  →  ✓ MATCH  pk=823139  state=Preview
[15:40:32]     [a6224f9c00c2799d...]  Los Angeles Dodgers @ Los Angeles Angels  →  ✓ MATCH  pk=824038  state=Preview
[15:40:32]     [8c4164a5b90b37ee...]  San Francisco Giants @ Athletics  →  ✓ MATCH  pk=825007  state=Preview
[15:40:32]     [996ae6b240fb1d4c...]  Miami Marlins @ Tampa Bay Rays  →  ✓ MATCH  pk=822981  state=Preview
[15:40:32]     [36d5609a0cc871bc...]  Baltimore Orioles @ Washington Nationals  →  ✓ MATCH  pk=822737  state=Live
[15:40:32]     [d125d71e5b57f505...]  Philadelphia Phillies @ Pittsburgh Pirates  →  ✓ MATCH  pk=823382  state=Preview
[15:40:32]     [2012acf4d020399d...]  Cincinnati Reds @ Cleveland Guardians  →  ✓ MATCH  pk=824435  state=Preview
[15:40:32]     [0d9a62c64d2a238a...]  Toronto Blue Jays @ Detroit Tigers  →  ✓ MATCH  pk=824278  state=Live
[15:40:32]     [8669868fab8f7f8c...]  New York Yankees @ New York Mets  →  ✓ MATCH  pk=823627  state=Preview
[15:40:32]     [116182ae8e840594...]  Chicago Cubs @ Chicago White Sox  →  ✓ MATCH  pk=824600  state=Preview
[15:40:32]     [202f16f2a36544c7...]  Kansas City Royals @ St. Louis Cardinals  →  ✓ MATCH  pk=823060  state=Live
[15:40:32]     [8732923778f83df5...]  Arizona Diamondbacks @ Colorado Rockies  →  ✓ MATCH  pk=824359  state=Live
[15:40:32]     [b51f77ee601ba774...]  San Francisco Giants @ Athletics  →  ✓ MATCH  pk=825007  state=Preview
[15:40:32]     [dd1591797593585f...]  Los Angeles Dodgers @ Los Angeles Angels  →  ✓ MATCH  pk=824038  state=Preview
[15:40:32]     [4a7ed5c0f59bf539...]  San Diego Padres @ Seattle Mariners  →  ✓ MATCH  pk=823139  state=Preview
[15:40:32] 
[15:40:32]   Match result: 27 matched, 0 unmatched out of 27
[15:40:32] ================================================================
[15:41:32] ================================================================
[15:41:32] LIVE SCORE DEBUG  trigger=auto-60s  date=2026-05-16  results_in_state=27  flat=27
[15:41:32] ================================================================
[15:41:32]   Fetching: https://statsapi.mlb.com/api/v1/schedule?sportId=1&date=2026-05-16&hydrate=linescore
[15:41:32]   MLB Stats API returned 15 game(s)
[15:41:32] 
[15:41:32]   Games from MLB Stats API:
[15:41:32]     pk=822737   [Live    ] (Warmup              ) Baltimore Orioles @ Washington Nationals  0-0 ▲1st B0S0O0
[15:41:32]     pk=822981   [Preview ] (Pre-Game            ) Miami Marlins @ Tampa Bay Rays
[15:41:32]     pk=823060   [Live    ] (In Progress         ) Kansas City Royals @ St. Louis Cardinals  0-1 ▼3rd B0S0O1
[15:41:32]     pk=823139   [Preview ] (Pre-Game            ) San Diego Padres @ Seattle Mariners
[15:41:32]     pk=823382   [Preview ] (Pre-Game            ) Philadelphia Phillies @ Pittsburgh Pirates
[15:41:32]     pk=823627   [Preview ] (Pre-Game            ) New York Yankees @ New York Mets
[15:41:32]     pk=823706   [Preview ] (Pre-Game            ) Milwaukee Brewers @ Minnesota Twins
[15:41:32]     pk=824038   [Preview ] (Scheduled           ) Los Angeles Dodgers @ Los Angeles Angels
[15:41:32]     pk=824193   [Preview ] (Pre-Game            ) Texas Rangers @ Houston Astros
[15:41:32]     pk=824278   [Live    ] (In Progress         ) Toronto Blue Jays @ Detroit Tigers  2-1 ▼10th B0S0O0
[15:41:32]     pk=824359   [Live    ] (In Progress         ) Arizona Diamondbacks @ Colorado Rockies  0-2 ▲2nd B1S1O1
[15:41:32]     pk=824435   [Preview ] (Pre-Game            ) Cincinnati Reds @ Cleveland Guardians
[15:41:32]     pk=824600   [Preview ] (Pre-Game            ) Chicago Cubs @ Chicago White Sox
[15:41:32]     pk=824924   [Preview ] (Pre-Game            ) Boston Red Sox @ Atlanta Braves
[15:41:32]     pk=825007   [Preview ] (Scheduled           ) San Francisco Giants @ Athletics
[15:41:32] 
[15:41:32]   State summary: Live=4  Preview=11
[15:41:32] 
[15:41:32]   Matching stored results to live_map:
[15:41:32]     [6b2d5ebb90ade419...]  Toronto Blue Jays @ Detroit Tigers  →  ✓ MATCH  pk=824278  state=Live
[15:41:32]     [f1f5588e7499f456...]  Kansas City Royals @ St. Louis Cardinals  →  ✓ MATCH  pk=823060  state=Live
[15:41:32]     [e794b5b54765be45...]  Arizona Diamondbacks @ Colorado Rockies  →  ✓ MATCH  pk=824359  state=Live
[15:41:32]     [cc7b9980605dd660...]  Baltimore Orioles @ Washington Nationals  →  ✓ MATCH  pk=822737  state=Live
[15:41:32]     [2638aded4f2e2359...]  Philadelphia Phillies @ Pittsburgh Pirates  →  ✓ MATCH  pk=823382  state=Preview
[15:41:32]     [c0881b4a195ada00...]  Miami Marlins @ Tampa Bay Rays  →  ✓ MATCH  pk=822981  state=Preview
[15:41:32]     [8cb0cf3de3f70a19...]  Cincinnati Reds @ Cleveland Guardians  →  ✓ MATCH  pk=824435  state=Preview
[15:41:32]     [4b228f8e92985dcf...]  Chicago Cubs @ Chicago White Sox  →  ✓ MATCH  pk=824600  state=Preview
[15:41:32]     [58b1dff480365011...]  Texas Rangers @ Houston Astros  →  ✓ MATCH  pk=824193  state=Preview
[15:41:32]     [a5e515bbcd25515b...]  Milwaukee Brewers @ Minnesota Twins  →  ✓ MATCH  pk=823706  state=Preview
[15:41:32]     [ca5e359ff82548ce...]  Boston Red Sox @ Atlanta Braves  →  ✓ MATCH  pk=824924  state=Preview
[15:41:32]     [c53d7080fd560dbd...]  New York Yankees @ New York Mets  →  ✓ MATCH  pk=823627  state=Preview
[15:41:32]     [d89740dbc48f3d78...]  San Diego Padres @ Seattle Mariners  →  ✓ MATCH  pk=823139  state=Preview
[15:41:32]     [a6224f9c00c2799d...]  Los Angeles Dodgers @ Los Angeles Angels  →  ✓ MATCH  pk=824038  state=Preview
[15:41:32]     [8c4164a5b90b37ee...]  San Francisco Giants @ Athletics  →  ✓ MATCH  pk=825007  state=Preview
[15:41:32]     [996ae6b240fb1d4c...]  Miami Marlins @ Tampa Bay Rays  →  ✓ MATCH  pk=822981  state=Preview
[15:41:32]     [36d5609a0cc871bc...]  Baltimore Orioles @ Washington Nationals  →  ✓ MATCH  pk=822737  state=Live
[15:41:32]     [d125d71e5b57f505...]  Philadelphia Phillies @ Pittsburgh Pirates  →  ✓ MATCH  pk=823382  state=Preview
[15:41:32]     [2012acf4d020399d...]  Cincinnati Reds @ Cleveland Guardians  →  ✓ MATCH  pk=824435  state=Preview
[15:41:32]     [0d9a62c64d2a238a...]  Toronto Blue Jays @ Detroit Tigers  →  ✓ MATCH  pk=824278  state=Live
[15:41:32]     [8669868fab8f7f8c...]  New York Yankees @ New York Mets  →  ✓ MATCH  pk=823627  state=Preview
[15:41:32]     [116182ae8e840594...]  Chicago Cubs @ Chicago White Sox  →  ✓ MATCH  pk=824600  state=Preview
[15:41:32]     [202f16f2a36544c7...]  Kansas City Royals @ St. Louis Cardinals  →  ✓ MATCH  pk=823060  state=Live
[15:41:33]     [8732923778f83df5...]  Arizona Diamondbacks @ Colorado Rockies  →  ✓ MATCH  pk=824359  state=Live
[15:41:33]     [b51f77ee601ba774...]  San Francisco Giants @ Athletics  →  ✓ MATCH  pk=825007  state=Preview
[15:41:33]     [dd1591797593585f...]  Los Angeles Dodgers @ Los Angeles Angels  →  ✓ MATCH  pk=824038  state=Preview
[15:41:33]     [4a7ed5c0f59bf539...]  San Diego Padres @ Seattle Mariners  →  ✓ MATCH  pk=823139  state=Preview
[15:41:33] 
[15:41:33]   Match result: 27 matched, 0 unmatched out of 27
[15:41:33] ================================================================
[15:49:03] ================================================================
[15:49:03] LIVE SCORE DEBUG  trigger=auto-60s  date=2026-05-16  results_in_state=27  flat=27
[15:49:03] ================================================================
[15:49:03]   Fetching: https://statsapi.mlb.com/api/v1/schedule?sportId=1&date=2026-05-16&hydrate=linescore
[15:49:03]   MLB Stats API returned 15 game(s)
[15:49:03] 
[15:49:03]   Games from MLB Stats API:
[15:49:03]     pk=822737   [Live    ] (Warmup              ) Baltimore Orioles @ Washington Nationals  0-0 ▲1st B0S0O0
[15:49:03]     pk=822981   [Live    ] (Warmup              ) Miami Marlins @ Tampa Bay Rays  0-0 ▲1st B0S0O0
[15:49:03]     pk=823060   [Live    ] (In Progress         ) Kansas City Royals @ St. Louis Cardinals  0-1 ▲4th B1S1O1
[15:49:03]     pk=823139   [Preview ] (Pre-Game            ) San Diego Padres @ Seattle Mariners
[15:49:03]     pk=823382   [Live    ] (Warmup              ) Philadelphia Phillies @ Pittsburgh Pirates  0-0 ▲1st B0S0O0
[15:49:03]     pk=823627   [Preview ] (Pre-Game            ) New York Yankees @ New York Mets
[15:49:03]     pk=823706   [Preview ] (Pre-Game            ) Milwaukee Brewers @ Minnesota Twins
[15:49:03]     pk=824038   [Preview ] (Scheduled           ) Los Angeles Dodgers @ Los Angeles Angels
[15:49:03]     pk=824193   [Preview ] (Pre-Game            ) Texas Rangers @ Houston Astros
[15:49:03]     pk=824278   [Final   ] (Game Over           ) Toronto Blue Jays @ Detroit Tigers  Final 2-1
[15:49:03]     pk=824359   [Live    ] (In Progress         ) Arizona Diamondbacks @ Colorado Rockies  1-2 ▲2nd B0S2O2
[15:49:03]     pk=824435   [Preview ] (Pre-Game            ) Cincinnati Reds @ Cleveland Guardians
[15:49:03]     pk=824600   [Preview ] (Pre-Game            ) Chicago Cubs @ Chicago White Sox
[15:49:03]     pk=824924   [Preview ] (Pre-Game            ) Boston Red Sox @ Atlanta Braves
[15:49:03]     pk=825007   [Preview ] (Scheduled           ) San Francisco Giants @ Athletics
[15:49:03] 
[15:49:03]   State summary: Final=1  Live=5  Preview=9
[15:49:03] 
[15:49:03]   Matching stored results to live_map:
[15:49:03]     [6b2d5ebb90ade419...]  Toronto Blue Jays @ Detroit Tigers  →  ✓ MATCH  pk=824278  state=Final
[15:49:03]     [f1f5588e7499f456...]  Kansas City Royals @ St. Louis Cardinals  →  ✓ MATCH  pk=823060  state=Live
[15:49:03]     [e794b5b54765be45...]  Arizona Diamondbacks @ Colorado Rockies  →  ✓ MATCH  pk=824359  state=Live
[15:49:03]     [cc7b9980605dd660...]  Baltimore Orioles @ Washington Nationals  →  ✓ MATCH  pk=822737  state=Live
[15:49:03]     [2638aded4f2e2359...]  Philadelphia Phillies @ Pittsburgh Pirates  →  ✓ MATCH  pk=823382  state=Live
[15:49:03]     [c0881b4a195ada00...]  Miami Marlins @ Tampa Bay Rays  →  ✓ MATCH  pk=822981  state=Live
[15:49:03]     [8cb0cf3de3f70a19...]  Cincinnati Reds @ Cleveland Guardians  →  ✓ MATCH  pk=824435  state=Preview
[15:49:03]     [4b228f8e92985dcf...]  Chicago Cubs @ Chicago White Sox  →  ✓ MATCH  pk=824600  state=Preview
[15:49:03]     [58b1dff480365011...]  Texas Rangers @ Houston Astros  →  ✓ MATCH  pk=824193  state=Preview
[15:49:03]     [a5e515bbcd25515b...]  Milwaukee Brewers @ Minnesota Twins  →  ✓ MATCH  pk=823706  state=Preview
[15:49:03]     [ca5e359ff82548ce...]  Boston Red Sox @ Atlanta Braves  →  ✓ MATCH  pk=824924  state=Preview
[15:49:03]     [c53d7080fd560dbd...]  New York Yankees @ New York Mets  →  ✓ MATCH  pk=823627  state=Preview
[15:49:03]     [d89740dbc48f3d78...]  San Diego Padres @ Seattle Mariners  →  ✓ MATCH  pk=823139  state=Preview
[15:49:03]     [a6224f9c00c2799d...]  Los Angeles Dodgers @ Los Angeles Angels  →  ✓ MATCH  pk=824038  state=Preview
[15:49:03]     [8c4164a5b90b37ee...]  San Francisco Giants @ Athletics  →  ✓ MATCH  pk=825007  state=Preview
[15:49:03]     [996ae6b240fb1d4c...]  Miami Marlins @ Tampa Bay Rays  →  ✓ MATCH  pk=822981  state=Live
[15:49:03]     [36d5609a0cc871bc...]  Baltimore Orioles @ Washington Nationals  →  ✓ MATCH  pk=822737  state=Live
[15:49:03]     [d125d71e5b57f505...]  Philadelphia Phillies @ Pittsburgh Pirates  →  ✓ MATCH  pk=823382  state=Live
[15:49:03]     [2012acf4d020399d...]  Cincinnati Reds @ Cleveland Guardians  →  ✓ MATCH  pk=824435  state=Preview
[15:49:03]     [0d9a62c64d2a238a...]  Toronto Blue Jays @ Detroit Tigers  →  ✓ MATCH  pk=824278  state=Final
[15:49:03]     [8669868fab8f7f8c...]  New York Yankees @ New York Mets  →  ✓ MATCH  pk=823627  state=Preview
[15:49:03]     [116182ae8e840594...]  Chicago Cubs @ Chicago White Sox  →  ✓ MATCH  pk=824600  state=Preview
[15:49:03]     [202f16f2a36544c7...]  Kansas City Royals @ St. Louis Cardinals  →  ✓ MATCH  pk=823060  state=Live
[15:49:03]     [8732923778f83df5...]  Arizona Diamondbacks @ Colorado Rockies  →  ✓ MATCH  pk=824359  state=Live
[15:49:03]     [b51f77ee601ba774...]  San Francisco Giants @ Athletics  →  ✓ MATCH  pk=825007  state=Preview
[15:49:03]     [dd1591797593585f...]  Los Angeles Dodgers @ Los Angeles Angels  →  ✓ MATCH  pk=824038  state=Preview
[15:49:03]     [4a7ed5c0f59bf539...]  San Diego Padres @ Seattle Mariners  →  ✓ MATCH  pk=823139  state=Preview
[15:49:03] 
[15:49:03]   Match result: 27 matched, 0 unmatched out of 27
[15:49:03] ================================================================
[15:50:03] ================================================================
[15:50:03] LIVE SCORE DEBUG  trigger=auto-60s  date=2026-05-16  results_in_state=27  flat=27
[15:50:03] ================================================================
[15:50:03]   Fetching: https://statsapi.mlb.com/api/v1/schedule?sportId=1&date=2026-05-16&hydrate=linescore
[15:50:04]   MLB Stats API returned 15 game(s)
[15:50:04] 
[15:50:04]   Games from MLB Stats API:
[15:50:04]     pk=822737   [Live    ] (Warmup              ) Baltimore Orioles @ Washington Nationals  0-0 ▲1st B0S0O0
[15:50:04]     pk=822981   [Live    ] (Warmup              ) Miami Marlins @ Tampa Bay Rays  0-0 ▲1st B0S0O0
[15:50:04]     pk=823060   [Live    ] (In Progress         ) Kansas City Royals @ St. Louis Cardinals  0-1 ▲4th B1S1O2
[15:50:04]     pk=823139   [Preview ] (Pre-Game            ) San Diego Padres @ Seattle Mariners
[15:50:04]     pk=823382   [Live    ] (Warmup              ) Philadelphia Phillies @ Pittsburgh Pirates  0-0 ▲1st B0S0O0
[15:50:04]     pk=823627   [Preview ] (Pre-Game            ) New York Yankees @ New York Mets
[15:50:04]     pk=823706   [Preview ] (Pre-Game            ) Milwaukee Brewers @ Minnesota Twins
[15:50:04]     pk=824038   [Preview ] (Scheduled           ) Los Angeles Dodgers @ Los Angeles Angels
[15:50:04]     pk=824193   [Preview ] (Pre-Game            ) Texas Rangers @ Houston Astros
[15:50:04]     pk=824278   [Final   ] (Game Over           ) Toronto Blue Jays @ Detroit Tigers  Final 2-1
[15:50:04]     pk=824359   [Live    ] (In Progress         ) Arizona Diamondbacks @ Colorado Rockies  1-2 ▲2nd B1S2O2
[15:50:04]     pk=824435   [Preview ] (Pre-Game            ) Cincinnati Reds @ Cleveland Guardians
[15:50:04]     pk=824600   [Preview ] (Pre-Game            ) Chicago Cubs @ Chicago White Sox
[15:50:04]     pk=824924   [Preview ] (Pre-Game            ) Boston Red Sox @ Atlanta Braves
[15:50:04]     pk=825007   [Preview ] (Scheduled           ) San Francisco Giants @ Athletics
[15:50:04] 
[15:50:04]   State summary: Final=1  Live=5  Preview=9
[15:50:04] 
[15:50:04]   Matching stored results to live_map:
[15:50:04]     [6b2d5ebb90ade419...]  Toronto Blue Jays @ Detroit Tigers  →  ✓ MATCH  pk=824278  state=Final
[15:50:04]     [f1f5588e7499f456...]  Kansas City Royals @ St. Louis Cardinals  →  ✓ MATCH  pk=823060  state=Live
[15:50:04]     [e794b5b54765be45...]  Arizona Diamondbacks @ Colorado Rockies  →  ✓ MATCH  pk=824359  state=Live
[15:50:04]     [cc7b9980605dd660...]  Baltimore Orioles @ Washington Nationals  →  ✓ MATCH  pk=822737  state=Live
[15:50:04]     [2638aded4f2e2359...]  Philadelphia Phillies @ Pittsburgh Pirates  →  ✓ MATCH  pk=823382  state=Live
[15:50:04]     [c0881b4a195ada00...]  Miami Marlins @ Tampa Bay Rays  →  ✓ MATCH  pk=822981  state=Live
[15:50:04]     [8cb0cf3de3f70a19...]  Cincinnati Reds @ Cleveland Guardians  →  ✓ MATCH  pk=824435  state=Preview
[15:50:04]     [4b228f8e92985dcf...]  Chicago Cubs @ Chicago White Sox  →  ✓ MATCH  pk=824600  state=Preview
[15:50:04]     [58b1dff480365011...]  Texas Rangers @ Houston Astros  →  ✓ MATCH  pk=824193  state=Preview
[15:50:04]     [a5e515bbcd25515b...]  Milwaukee Brewers @ Minnesota Twins  →  ✓ MATCH  pk=823706  state=Preview
[15:50:04]     [ca5e359ff82548ce...]  Boston Red Sox @ Atlanta Braves  →  ✓ MATCH  pk=824924  state=Preview
[15:50:04]     [c53d7080fd560dbd...]  New York Yankees @ New York Mets  →  ✓ MATCH  pk=823627  state=Preview
[15:50:04]     [d89740dbc48f3d78...]  San Diego Padres @ Seattle Mariners  →  ✓ MATCH  pk=823139  state=Preview
[15:50:04]     [a6224f9c00c2799d...]  Los Angeles Dodgers @ Los Angeles Angels  →  ✓ MATCH  pk=824038  state=Preview
[15:50:04]     [8c4164a5b90b37ee...]  San Francisco Giants @ Athletics  →  ✓ MATCH  pk=825007  state=Preview
[15:50:04]     [996ae6b240fb1d4c...]  Miami Marlins @ Tampa Bay Rays  →  ✓ MATCH  pk=822981  state=Live
[15:50:04]     [36d5609a0cc871bc...]  Baltimore Orioles @ Washington Nationals  →  ✓ MATCH  pk=822737  state=Live
[15:50:04]     [d125d71e5b57f505...]  Philadelphia Phillies @ Pittsburgh Pirates  →  ✓ MATCH  pk=823382  state=Live
[15:50:04]     [2012acf4d020399d...]  Cincinnati Reds @ Cleveland Guardians  →  ✓ MATCH  pk=824435  state=Preview
[15:50:04]     [0d9a62c64d2a238a...]  Toronto Blue Jays @ Detroit Tigers  →  ✓ MATCH  pk=824278  state=Final
[15:50:04]     [8669868fab8f7f8c...]  New York Yankees @ New York Mets  →  ✓ MATCH  pk=823627  state=Preview
[15:50:04]     [116182ae8e840594...]  Chicago Cubs @ Chicago White Sox  →  ✓ MATCH  pk=824600  state=Preview
[15:50:04]     [202f16f2a36544c7...]  Kansas City Royals @ St. Louis Cardinals  →  ✓ MATCH  pk=823060  state=Live
[15:50:04]     [8732923778f83df5...]  Arizona Diamondbacks @ Colorado Rockies  →  ✓ MATCH  pk=824359  state=Live
[15:50:04]     [b51f77ee601ba774...]  San Francisco Giants @ Athletics  →  ✓ MATCH  pk=825007  state=Preview
[15:50:04]     [dd1591797593585f...]  Los Angeles Dodgers @ Los Angeles Angels  →  ✓ MATCH  pk=824038  state=Preview
[15:50:04]     [4a7ed5c0f59bf539...]  San Diego Padres @ Seattle Mariners  →  ✓ MATCH  pk=823139  state=Preview
[15:50:04] 
[15:50:04]   Match result: 27 matched, 0 unmatched out of 27
[15:50:04] ================================================================
[15:51:04] ================================================================
[15:51:04] LIVE SCORE DEBUG  trigger=auto-60s  date=2026-05-16  results_in_state=27  flat=27
[15:51:04] ================================================================
[15:51:04]   Fetching: https://statsapi.mlb.com/api/v1/schedule?sportId=1&date=2026-05-16&hydrate=linescore
[15:51:04]   MLB Stats API returned 15 game(s)
[15:51:04] 
[15:51:04]   Games from MLB Stats API:
[15:51:04]     pk=822737   [Live    ] (Warmup              ) Baltimore Orioles @ Washington Nationals  0-0 ▲1st B0S0O0
[15:51:04]     pk=822981   [Live    ] (Warmup              ) Miami Marlins @ Tampa Bay Rays  0-0 ▲1st B0S0O0
[15:51:04]     pk=823060   [Live    ] (In Progress         ) Kansas City Royals @ St. Louis Cardinals  0-1 ▲4th B4S2O2
[15:51:04]     pk=823139   [Preview ] (Pre-Game            ) San Diego Padres @ Seattle Mariners
[15:51:04]     pk=823382   [Live    ] (Warmup              ) Philadelphia Phillies @ Pittsburgh Pirates  0-0 ▲1st B0S0O0
[15:51:04]     pk=823627   [Preview ] (Pre-Game            ) New York Yankees @ New York Mets
[15:51:04]     pk=823706   [Preview ] (Pre-Game            ) Milwaukee Brewers @ Minnesota Twins
[15:51:04]     pk=824038   [Preview ] (Scheduled           ) Los Angeles Dodgers @ Los Angeles Angels
[15:51:04]     pk=824193   [Preview ] (Pre-Game            ) Texas Rangers @ Houston Astros
[15:51:04]     pk=824278   [Final   ] (Game Over           ) Toronto Blue Jays @ Detroit Tigers  Final 2-1
[15:51:04]     pk=824359   [Live    ] (In Progress         ) Arizona Diamondbacks @ Colorado Rockies  1-2 ▲2nd B2S3O3
[15:51:04]     pk=824435   [Preview ] (Pre-Game            ) Cincinnati Reds @ Cleveland Guardians
[15:51:04]     pk=824600   [Preview ] (Pre-Game            ) Chicago Cubs @ Chicago White Sox
[15:51:04]     pk=824924   [Preview ] (Pre-Game            ) Boston Red Sox @ Atlanta Braves
[15:51:04]     pk=825007   [Preview ] (Scheduled           ) San Francisco Giants @ Athletics
[15:51:04] 
[15:51:04]   State summary: Final=1  Live=5  Preview=9
[15:51:04] 
[15:51:04]   Matching stored results to live_map:
[15:51:04]     [6b2d5ebb90ade419...]  Toronto Blue Jays @ Detroit Tigers  →  ✓ MATCH  pk=824278  state=Final
[15:51:04]     [f1f5588e7499f456...]  Kansas City Royals @ St. Louis Cardinals  →  ✓ MATCH  pk=823060  state=Live
[15:51:04]     [e794b5b54765be45...]  Arizona Diamondbacks @ Colorado Rockies  →  ✓ MATCH  pk=824359  state=Live
[15:51:04]     [cc7b9980605dd660...]  Baltimore Orioles @ Washington Nationals  →  ✓ MATCH  pk=822737  state=Live
[15:51:04]     [2638aded4f2e2359...]  Philadelphia Phillies @ Pittsburgh Pirates  →  ✓ MATCH  pk=823382  state=Live
[15:51:04]     [c0881b4a195ada00...]  Miami Marlins @ Tampa Bay Rays  →  ✓ MATCH  pk=822981  state=Live
[15:51:04]     [8cb0cf3de3f70a19...]  Cincinnati Reds @ Cleveland Guardians  →  ✓ MATCH  pk=824435  state=Preview
[15:51:04]     [4b228f8e92985dcf...]  Chicago Cubs @ Chicago White Sox  →  ✓ MATCH  pk=824600  state=Preview
[15:51:04]     [58b1dff480365011...]  Texas Rangers @ Houston Astros  →  ✓ MATCH  pk=824193  state=Preview
[15:51:04]     [a5e515bbcd25515b...]  Milwaukee Brewers @ Minnesota Twins  →  ✓ MATCH  pk=823706  state=Preview
[15:51:04]     [ca5e359ff82548ce...]  Boston Red Sox @ Atlanta Braves  →  ✓ MATCH  pk=824924  state=Preview
[15:51:04]     [c53d7080fd560dbd...]  New York Yankees @ New York Mets  →  ✓ MATCH  pk=823627  state=Preview
[15:51:04]     [d89740dbc48f3d78...]  San Diego Padres @ Seattle Mariners  →  ✓ MATCH  pk=823139  state=Preview
[15:51:04]     [a6224f9c00c2799d...]  Los Angeles Dodgers @ Los Angeles Angels  →  ✓ MATCH  pk=824038  state=Preview
[15:51:04]     [8c4164a5b90b37ee...]  San Francisco Giants @ Athletics  →  ✓ MATCH  pk=825007  state=Preview
[15:51:04]     [996ae6b240fb1d4c...]  Miami Marlins @ Tampa Bay Rays  →  ✓ MATCH  pk=822981  state=Live
[15:51:04]     [36d5609a0cc871bc...]  Baltimore Orioles @ Washington Nationals  →  ✓ MATCH  pk=822737  state=Live
[15:51:04]     [d125d71e5b57f505...]  Philadelphia Phillies @ Pittsburgh Pirates  →  ✓ MATCH  pk=823382  state=Live
[15:51:04]     [2012acf4d020399d...]  Cincinnati Reds @ Cleveland Guardians  →  ✓ MATCH  pk=824435  state=Preview
[15:51:04]     [0d9a62c64d2a238a...]  Toronto Blue Jays @ Detroit Tigers  →  ✓ MATCH  pk=824278  state=Final
[15:51:04]     [8669868fab8f7f8c...]  New York Yankees @ New York Mets  →  ✓ MATCH  pk=823627  state=Preview
[15:51:04]     [116182ae8e840594...]  Chicago Cubs @ Chicago White Sox  →  ✓ MATCH  pk=824600  state=Preview
[15:51:04]     [202f16f2a36544c7...]  Kansas City Royals @ St. Louis Cardinals  →  ✓ MATCH  pk=823060  state=Live
[15:51:04]     [8732923778f83df5...]  Arizona Diamondbacks @ Colorado Rockies  →  ✓ MATCH  pk=824359  state=Live
[15:51:04]     [b51f77ee601ba774...]  San Francisco Giants @ Athletics  →  ✓ MATCH  pk=825007  state=Preview
[15:51:04]     [dd1591797593585f...]  Los Angeles Dodgers @ Los Angeles Angels  →  ✓ MATCH  pk=824038  state=Preview
[15:51:04]     [4a7ed5c0f59bf539...]  San Diego Padres @ Seattle Mariners  →  ✓ MATCH  pk=823139  state=Preview
[15:51:04] 
[15:51:04]   Match result: 27 matched, 0 unmatched out of 27
[15:51:04] ================================================================
[15:52:04] ================================================================
[15:52:04] LIVE SCORE DEBUG  trigger=auto-60s  date=2026-05-16  results_in_state=27  flat=27
[15:52:04] ================================================================
[15:52:04]   Fetching: https://statsapi.mlb.com/api/v1/schedule?sportId=1&date=2026-05-16&hydrate=linescore
[15:52:04]   MLB Stats API returned 15 game(s)
[15:52:04] 
[15:52:04]   Games from MLB Stats API:
[15:52:04]     pk=822737   [Live    ] (Warmup              ) Baltimore Orioles @ Washington Nationals  0-0 ▲1st B0S0O0
[15:52:04]     pk=822981   [Live    ] (Warmup              ) Miami Marlins @ Tampa Bay Rays  0-0 ▲1st B0S0O0
[15:52:04]     pk=823060   [Live    ] (In Progress         ) Kansas City Royals @ St. Louis Cardinals  0-1 ▲4th B0S1O3
[15:52:04]     pk=823139   [Preview ] (Pre-Game            ) San Diego Padres @ Seattle Mariners
[15:52:04]     pk=823382   [Live    ] (Warmup              ) Philadelphia Phillies @ Pittsburgh Pirates  0-0 ▲1st B0S0O0
[15:52:04]     pk=823627   [Preview ] (Pre-Game            ) New York Yankees @ New York Mets
[15:52:04]     pk=823706   [Preview ] (Pre-Game            ) Milwaukee Brewers @ Minnesota Twins
[15:52:04]     pk=824038   [Preview ] (Scheduled           ) Los Angeles Dodgers @ Los Angeles Angels
[15:52:04]     pk=824193   [Preview ] (Pre-Game            ) Texas Rangers @ Houston Astros
[15:52:04]     pk=824278   [Final   ] (Game Over           ) Toronto Blue Jays @ Detroit Tigers  Final 2-1
[15:52:04]     pk=824359   [Live    ] (In Progress         ) Arizona Diamondbacks @ Colorado Rockies  1-2 ▲2nd B2S3O3
[15:52:04]     pk=824435   [Preview ] (Pre-Game            ) Cincinnati Reds @ Cleveland Guardians
[15:52:04]     pk=824600   [Preview ] (Pre-Game            ) Chicago Cubs @ Chicago White Sox
[15:52:04]     pk=824924   [Preview ] (Pre-Game            ) Boston Red Sox @ Atlanta Braves
[15:52:04]     pk=825007   [Preview ] (Scheduled           ) San Francisco Giants @ Athletics
[15:52:04] 
[15:52:04]   State summary: Final=1  Live=5  Preview=9
[15:52:04] 
[15:52:04]   Matching stored results to live_map:
[15:52:04]     [6b2d5ebb90ade419...]  Toronto Blue Jays @ Detroit Tigers  →  ✓ MATCH  pk=824278  state=Final
[15:52:04]     [f1f5588e7499f456...]  Kansas City Royals @ St. Louis Cardinals  →  ✓ MATCH  pk=823060  state=Live
[15:52:04]     [e794b5b54765be45...]  Arizona Diamondbacks @ Colorado Rockies  →  ✓ MATCH  pk=824359  state=Live
[15:52:04]     [cc7b9980605dd660...]  Baltimore Orioles @ Washington Nationals  →  ✓ MATCH  pk=822737  state=Live
[15:52:04]     [2638aded4f2e2359...]  Philadelphia Phillies @ Pittsburgh Pirates  →  ✓ MATCH  pk=823382  state=Live
[15:52:04]     [c0881b4a195ada00...]  Miami Marlins @ Tampa Bay Rays  →  ✓ MATCH  pk=822981  state=Live
[15:52:04]     [8cb0cf3de3f70a19...]  Cincinnati Reds @ Cleveland Guardians  →  ✓ MATCH  pk=824435  state=Preview
[15:52:04]     [4b228f8e92985dcf...]  Chicago Cubs @ Chicago White Sox  →  ✓ MATCH  pk=824600  state=Preview
[15:52:04]     [58b1dff480365011...]  Texas Rangers @ Houston Astros  →  ✓ MATCH  pk=824193  state=Preview
[15:52:04]     [a5e515bbcd25515b...]  Milwaukee Brewers @ Minnesota Twins  →  ✓ MATCH  pk=823706  state=Preview
[15:52:04]     [ca5e359ff82548ce...]  Boston Red Sox @ Atlanta Braves  →  ✓ MATCH  pk=824924  state=Preview
[15:52:04]     [c53d7080fd560dbd...]  New York Yankees @ New York Mets  →  ✓ MATCH  pk=823627  state=Preview
[15:52:04]     [d89740dbc48f3d78...]  San Diego Padres @ Seattle Mariners  →  ✓ MATCH  pk=823139  state=Preview
[15:52:04]     [a6224f9c00c2799d...]  Los Angeles Dodgers @ Los Angeles Angels  →  ✓ MATCH  pk=824038  state=Preview
[15:52:04]     [8c4164a5b90b37ee...]  San Francisco Giants @ Athletics  →  ✓ MATCH  pk=825007  state=Preview
[15:52:04]     [996ae6b240fb1d4c...]  Miami Marlins @ Tampa Bay Rays  →  ✓ MATCH  pk=822981  state=Live
[15:52:04]     [36d5609a0cc871bc...]  Baltimore Orioles @ Washington Nationals  →  ✓ MATCH  pk=822737  state=Live
[15:52:04]     [d125d71e5b57f505...]  Philadelphia Phillies @ Pittsburgh Pirates  →  ✓ MATCH  pk=823382  state=Live
[15:52:04]     [2012acf4d020399d...]  Cincinnati Reds @ Cleveland Guardians  →  ✓ MATCH  pk=824435  state=Preview
[15:52:04]     [0d9a62c64d2a238a...]  Toronto Blue Jays @ Detroit Tigers  →  ✓ MATCH  pk=824278  state=Final
[15:52:04]     [8669868fab8f7f8c...]  New York Yankees @ New York Mets  →  ✓ MATCH  pk=823627  state=Preview
[15:52:04]     [116182ae8e840594...]  Chicago Cubs @ Chicago White Sox  →  ✓ MATCH  pk=824600  state=Preview
[15:52:04]     [202f16f2a36544c7...]  Kansas City Royals @ St. Louis Cardinals  →  ✓ MATCH  pk=823060  state=Live
[15:52:04]     [8732923778f83df5...]  Arizona Diamondbacks @ Colorado Rockies  →  ✓ MATCH  pk=824359  state=Live
[15:52:04]     [b51f77ee601ba774...]  San Francisco Giants @ Athletics  →  ✓ MATCH  pk=825007  state=Preview
[15:52:04]     [dd1591797593585f...]  Los Angeles Dodgers @ Los Angeles Angels  →  ✓ MATCH  pk=824038  state=Preview
[15:52:04]     [4a7ed5c0f59bf539...]  San Diego Padres @ Seattle Mariners  →  ✓ MATCH  pk=823139  state=Preview
[15:52:04] 
[15:52:04]   Match result: 27 matched, 0 unmatched out of 27
[15:52:04] ================================================================
[15:53:04] ================================================================
[15:53:04] LIVE SCORE DEBUG  trigger=auto-60s  date=2026-05-16  results_in_state=27  flat=27
[15:53:04] ================================================================
[15:53:04]   Fetching: https://statsapi.mlb.com/api/v1/schedule?sportId=1&date=2026-05-16&hydrate=linescore
[15:53:04]   MLB Stats API returned 15 game(s)
[15:53:04] 
[15:53:04]   Games from MLB Stats API:
[15:53:04]     pk=822737   [Live    ] (Warmup              ) Baltimore Orioles @ Washington Nationals  0-0 ▲1st B0S0O0
[15:53:04]     pk=822981   [Live    ] (Warmup              ) Miami Marlins @ Tampa Bay Rays  0-0 ▲1st B0S0O0
[15:53:04]     pk=823060   [Live    ] (In Progress         ) Kansas City Royals @ St. Louis Cardinals  0-1 ▲4th B0S1O3
[15:53:04]     pk=823139   [Preview ] (Pre-Game            ) San Diego Padres @ Seattle Mariners
[15:53:04]     pk=823382   [Live    ] (Warmup              ) Philadelphia Phillies @ Pittsburgh Pirates  0-0 ▲1st B0S0O0
[15:53:04]     pk=823627   [Preview ] (Pre-Game            ) New York Yankees @ New York Mets
[15:53:04]     pk=823706   [Preview ] (Pre-Game            ) Milwaukee Brewers @ Minnesota Twins
[15:53:04]     pk=824038   [Preview ] (Scheduled           ) Los Angeles Dodgers @ Los Angeles Angels
[15:53:04]     pk=824193   [Preview ] (Pre-Game            ) Texas Rangers @ Houston Astros
[15:53:04]     pk=824278   [Final   ] (Final               ) Toronto Blue Jays @ Detroit Tigers  Final 2-1
[15:53:04]     pk=824359   [Live    ] (In Progress         ) Arizona Diamondbacks @ Colorado Rockies  1-2 ▼2nd B1S0O0
[15:53:04]     pk=824435   [Preview ] (Pre-Game            ) Cincinnati Reds @ Cleveland Guardians
[15:53:04]     pk=824600   [Preview ] (Pre-Game            ) Chicago Cubs @ Chicago White Sox
[15:53:04]     pk=824924   [Preview ] (Pre-Game            ) Boston Red Sox @ Atlanta Braves
[15:53:04]     pk=825007   [Preview ] (Scheduled           ) San Francisco Giants @ Athletics
[15:53:04] 
[15:53:04]   State summary: Final=1  Live=5  Preview=9
[15:53:04] 
[15:53:04]   Matching stored results to live_map:
[15:53:04]     [6b2d5ebb90ade419...]  Toronto Blue Jays @ Detroit Tigers  →  ✓ MATCH  pk=824278  state=Final
[15:53:04]     [f1f5588e7499f456...]  Kansas City Royals @ St. Louis Cardinals  →  ✓ MATCH  pk=823060  state=Live
[15:53:04]     [e794b5b54765be45...]  Arizona Diamondbacks @ Colorado Rockies  →  ✓ MATCH  pk=824359  state=Live
[15:53:04]     [cc7b9980605dd660...]  Baltimore Orioles @ Washington Nationals  →  ✓ MATCH  pk=822737  state=Live
[15:53:04]     [2638aded4f2e2359...]  Philadelphia Phillies @ Pittsburgh Pirates  →  ✓ MATCH  pk=823382  state=Live
[15:53:04]     [c0881b4a195ada00...]  Miami Marlins @ Tampa Bay Rays  →  ✓ MATCH  pk=822981  state=Live
[15:53:04]     [8cb0cf3de3f70a19...]  Cincinnati Reds @ Cleveland Guardians  →  ✓ MATCH  pk=824435  state=Preview
[15:53:04]     [4b228f8e92985dcf...]  Chicago Cubs @ Chicago White Sox  →  ✓ MATCH  pk=824600  state=Preview
[15:53:04]     [58b1dff480365011...]  Texas Rangers @ Houston Astros  →  ✓ MATCH  pk=824193  state=Preview
[15:53:04]     [a5e515bbcd25515b...]  Milwaukee Brewers @ Minnesota Twins  →  ✓ MATCH  pk=823706  state=Preview
[15:53:04]     [ca5e359ff82548ce...]  Boston Red Sox @ Atlanta Braves  →  ✓ MATCH  pk=824924  state=Preview
[15:53:04]     [c53d7080fd560dbd...]  New York Yankees @ New York Mets  →  ✓ MATCH  pk=823627  state=Preview
[15:53:04]     [d89740dbc48f3d78...]  San Diego Padres @ Seattle Mariners  →  ✓ MATCH  pk=823139  state=Preview
[15:53:04]     [a6224f9c00c2799d...]  Los Angeles Dodgers @ Los Angeles Angels  →  ✓ MATCH  pk=824038  state=Preview
[15:53:04]     [8c4164a5b90b37ee...]  San Francisco Giants @ Athletics  →  ✓ MATCH  pk=825007  state=Preview
[15:53:04]     [996ae6b240fb1d4c...]  Miami Marlins @ Tampa Bay Rays  →  ✓ MATCH  pk=822981  state=Live
[15:53:04]     [36d5609a0cc871bc...]  Baltimore Orioles @ Washington Nationals  →  ✓ MATCH  pk=822737  state=Live
[15:53:04]     [d125d71e5b57f505...]  Philadelphia Phillies @ Pittsburgh Pirates  →  ✓ MATCH  pk=823382  state=Live
[15:53:04]     [2012acf4d020399d...]  Cincinnati Reds @ Cleveland Guardians  →  ✓ MATCH  pk=824435  state=Preview
[15:53:04]     [0d9a62c64d2a238a...]  Toronto Blue Jays @ Detroit Tigers  →  ✓ MATCH  pk=824278  state=Final
[15:53:04]     [8669868fab8f7f8c...]  New York Yankees @ New York Mets  →  ✓ MATCH  pk=823627  state=Preview
[15:53:04]     [116182ae8e840594...]  Chicago Cubs @ Chicago White Sox  →  ✓ MATCH  pk=824600  state=Preview
[15:53:04]     [202f16f2a36544c7...]  Kansas City Royals @ St. Louis Cardinals  →  ✓ MATCH  pk=823060  state=Live
[15:53:04]     [8732923778f83df5...]  Arizona Diamondbacks @ Colorado Rockies  →  ✓ MATCH  pk=824359  state=Live
[15:53:04]     [b51f77ee601ba774...]  San Francisco Giants @ Athletics  →  ✓ MATCH  pk=825007  state=Preview
[15:53:04]     [dd1591797593585f...]  Los Angeles Dodgers @ Los Angeles Angels  →  ✓ MATCH  pk=824038  state=Preview
[15:53:04]     [4a7ed5c0f59bf539...]  San Diego Padres @ Seattle Mariners  →  ✓ MATCH  pk=823139  state=Preview
[15:53:04] 
[15:53:04]   Match result: 27 matched, 0 unmatched out of 27
[15:53:04] ================================================================
[15:54:04] ================================================================
[15:54:04] LIVE SCORE DEBUG  trigger=auto-60s  date=2026-05-16  results_in_state=27  flat=27
[15:54:04] ================================================================
[15:54:04]   Fetching: https://statsapi.mlb.com/api/v1/schedule?sportId=1&date=2026-05-16&hydrate=linescore
[15:54:04]   MLB Stats API returned 15 game(s)
[15:54:04] 
[15:54:04]   Games from MLB Stats API:
[15:54:04]     pk=822737   [Live    ] (Warmup              ) Baltimore Orioles @ Washington Nationals  0-0 ▲1st B0S0O0
[15:54:04]     pk=822981   [Live    ] (Warmup              ) Miami Marlins @ Tampa Bay Rays  0-0 ▲1st B0S0O0
[15:54:04]     pk=823060   [Live    ] (In Progress         ) Kansas City Royals @ St. Louis Cardinals  0-1 ▲4th B0S1O3
[15:54:04]     pk=823139   [Preview ] (Pre-Game            ) San Diego Padres @ Seattle Mariners
[15:54:04]     pk=823382   [Live    ] (Warmup              ) Philadelphia Phillies @ Pittsburgh Pirates  0-0 ▲1st B0S0O0
[15:54:04]     pk=823627   [Preview ] (Pre-Game            ) New York Yankees @ New York Mets
[15:54:04]     pk=823706   [Preview ] (Pre-Game            ) Milwaukee Brewers @ Minnesota Twins
[15:54:04]     pk=824038   [Preview ] (Scheduled           ) Los Angeles Dodgers @ Los Angeles Angels
[15:54:04]     pk=824193   [Preview ] (Pre-Game            ) Texas Rangers @ Houston Astros
[15:54:04]     pk=824278   [Final   ] (Final               ) Toronto Blue Jays @ Detroit Tigers  Final 2-1
[15:54:04]     pk=824359   [Live    ] (In Progress         ) Arizona Diamondbacks @ Colorado Rockies  1-2 ▼2nd B2S2O0
[15:54:04]     pk=824435   [Preview ] (Pre-Game            ) Cincinnati Reds @ Cleveland Guardians
[15:54:04]     pk=824600   [Preview ] (Pre-Game            ) Chicago Cubs @ Chicago White Sox
[15:54:04]     pk=824924   [Preview ] (Pre-Game            ) Boston Red Sox @ Atlanta Braves
[15:54:04]     pk=825007   [Preview ] (Scheduled           ) San Francisco Giants @ Athletics
[15:54:04] 
[15:54:04]   State summary: Final=1  Live=5  Preview=9
[15:54:04] 
[15:54:04]   Matching stored results to live_map:
[15:54:04]     [6b2d5ebb90ade419...]  Toronto Blue Jays @ Detroit Tigers  →  ✓ MATCH  pk=824278  state=Final
[15:54:04]     [f1f5588e7499f456...]  Kansas City Royals @ St. Louis Cardinals  →  ✓ MATCH  pk=823060  state=Live
[15:54:04]     [e794b5b54765be45...]  Arizona Diamondbacks @ Colorado Rockies  →  ✓ MATCH  pk=824359  state=Live
[15:54:04]     [cc7b9980605dd660...]  Baltimore Orioles @ Washington Nationals  →  ✓ MATCH  pk=822737  state=Live
[15:54:04]     [2638aded4f2e2359...]  Philadelphia Phillies @ Pittsburgh Pirates  →  ✓ MATCH  pk=823382  state=Live
[15:54:04]     [c0881b4a195ada00...]  Miami Marlins @ Tampa Bay Rays  →  ✓ MATCH  pk=822981  state=Live
[15:54:04]     [8cb0cf3de3f70a19...]  Cincinnati Reds @ Cleveland Guardians  →  ✓ MATCH  pk=824435  state=Preview
[15:54:04]     [4b228f8e92985dcf...]  Chicago Cubs @ Chicago White Sox  →  ✓ MATCH  pk=824600  state=Preview
[15:54:04]     [58b1dff480365011...]  Texas Rangers @ Houston Astros  →  ✓ MATCH  pk=824193  state=Preview
[15:54:04]     [a5e515bbcd25515b...]  Milwaukee Brewers @ Minnesota Twins  →  ✓ MATCH  pk=823706  state=Preview
[15:54:04]     [ca5e359ff82548ce...]  Boston Red Sox @ Atlanta Braves  →  ✓ MATCH  pk=824924  state=Preview
[15:54:04]     [c53d7080fd560dbd...]  New York Yankees @ New York Mets  →  ✓ MATCH  pk=823627  state=Preview
[15:54:04]     [d89740dbc48f3d78...]  San Diego Padres @ Seattle Mariners  →  ✓ MATCH  pk=823139  state=Preview
[15:54:04]     [a6224f9c00c2799d...]  Los Angeles Dodgers @ Los Angeles Angels  →  ✓ MATCH  pk=824038  state=Preview
[15:54:04]     [8c4164a5b90b37ee...]  San Francisco Giants @ Athletics  →  ✓ MATCH  pk=825007  state=Preview
[15:54:04]     [996ae6b240fb1d4c...]  Miami Marlins @ Tampa Bay Rays  →  ✓ MATCH  pk=822981  state=Live
[15:54:04]     [36d5609a0cc871bc...]  Baltimore Orioles @ Washington Nationals  →  ✓ MATCH  pk=822737  state=Live
[15:54:04]     [d125d71e5b57f505...]  Philadelphia Phillies @ Pittsburgh Pirates  →  ✓ MATCH  pk=823382  state=Live
[15:54:04]     [2012acf4d020399d...]  Cincinnati Reds @ Cleveland Guardians  →  ✓ MATCH  pk=824435  state=Preview
[15:54:04]     [0d9a62c64d2a238a...]  Toronto Blue Jays @ Detroit Tigers  →  ✓ MATCH  pk=824278  state=Final
[15:54:04]     [8669868fab8f7f8c...]  New York Yankees @ New York Mets  →  ✓ MATCH  pk=823627  state=Preview
[15:54:04]     [116182ae8e840594...]  Chicago Cubs @ Chicago White Sox  →  ✓ MATCH  pk=824600  state=Preview
[15:54:04]     [202f16f2a36544c7...]  Kansas City Royals @ St. Louis Cardinals  →  ✓ MATCH  pk=823060  state=Live
[15:54:04]     [8732923778f83df5...]  Arizona Diamondbacks @ Colorado Rockies  →  ✓ MATCH  pk=824359  state=Live
[15:54:04]     [b51f77ee601ba774...]  San Francisco Giants @ Athletics  →  ✓ MATCH  pk=825007  state=Preview
[15:54:04]     [dd1591797593585f...]  Los Angeles Dodgers @ Los Angeles Angels  →  ✓ MATCH  pk=824038  state=Preview
[15:54:04]     [4a7ed5c0f59bf539...]  San Diego Padres @ Seattle Mariners  →  ✓ MATCH  pk=823139  state=Preview
[15:54:04] 
[15:54:04]   Match result: 27 matched, 0 unmatched out of 27
[15:54:04] ================================================================
[15:55:04] ================================================================
[15:55:04] LIVE SCORE DEBUG  trigger=auto-60s  date=2026-05-16  results_in_state=27  flat=27
[15:55:04] ================================================================
[15:55:04]   Fetching: https://statsapi.mlb.com/api/v1/schedule?sportId=1&date=2026-05-16&hydrate=linescore
[15:55:04]   MLB Stats API returned 15 game(s)
[15:55:04] 
[15:55:04]   Games from MLB Stats API:
[15:55:04]     pk=822737   [Live    ] (Warmup              ) Baltimore Orioles @ Washington Nationals  0-0 ▲1st B0S0O0
[15:55:04]     pk=822981   [Live    ] (Warmup              ) Miami Marlins @ Tampa Bay Rays  0-0 ▲1st B0S0O0
[15:55:04]     pk=823060   [Live    ] (In Progress         ) Kansas City Royals @ St. Louis Cardinals  0-1 ▼4th B0S0O1
[15:55:04]     pk=823139   [Preview ] (Pre-Game            ) San Diego Padres @ Seattle Mariners
[15:55:04]     pk=823382   [Live    ] (Warmup              ) Philadelphia Phillies @ Pittsburgh Pirates  0-0 ▲1st B0S0O0
[15:55:04]     pk=823627   [Preview ] (Pre-Game            ) New York Yankees @ New York Mets
[15:55:04]     pk=823706   [Preview ] (Pre-Game            ) Milwaukee Brewers @ Minnesota Twins
[15:55:04]     pk=824038   [Preview ] (Scheduled           ) Los Angeles Dodgers @ Los Angeles Angels
[15:55:04]     pk=824193   [Preview ] (Pre-Game            ) Texas Rangers @ Houston Astros
[15:55:04]     pk=824278   [Final   ] (Final               ) Toronto Blue Jays @ Detroit Tigers  Final 2-1
[15:55:04]     pk=824359   [Live    ] (In Progress         ) Arizona Diamondbacks @ Colorado Rockies  1-2 ▼2nd B0S0O0
[15:55:04]     pk=824435   [Preview ] (Pre-Game            ) Cincinnati Reds @ Cleveland Guardians
[15:55:04]     pk=824600   [Preview ] (Pre-Game            ) Chicago Cubs @ Chicago White Sox
[15:55:04]     pk=824924   [Preview ] (Pre-Game            ) Boston Red Sox @ Atlanta Braves
[15:55:04]     pk=825007   [Preview ] (Scheduled           ) San Francisco Giants @ Athletics
[15:55:04] 
[15:55:04]   State summary: Final=1  Live=5  Preview=9
[15:55:04] 
[15:55:04]   Matching stored results to live_map:
[15:55:04]     [6b2d5ebb90ade419...]  Toronto Blue Jays @ Detroit Tigers  →  ✓ MATCH  pk=824278  state=Final
[15:55:04]     [f1f5588e7499f456...]  Kansas City Royals @ St. Louis Cardinals  →  ✓ MATCH  pk=823060  state=Live
[15:55:04]     [e794b5b54765be45...]  Arizona Diamondbacks @ Colorado Rockies  →  ✓ MATCH  pk=824359  state=Live
[15:55:04]     [cc7b9980605dd660...]  Baltimore Orioles @ Washington Nationals  →  ✓ MATCH  pk=822737  state=Live
[15:55:04]     [2638aded4f2e2359...]  Philadelphia Phillies @ Pittsburgh Pirates  →  ✓ MATCH  pk=823382  state=Live
[15:55:04]     [c0881b4a195ada00...]  Miami Marlins @ Tampa Bay Rays  →  ✓ MATCH  pk=822981  state=Live
[15:55:04]     [8cb0cf3de3f70a19...]  Cincinnati Reds @ Cleveland Guardians  →  ✓ MATCH  pk=824435  state=Preview
[15:55:04]     [4b228f8e92985dcf...]  Chicago Cubs @ Chicago White Sox  →  ✓ MATCH  pk=824600  state=Preview
[15:55:04]     [58b1dff480365011...]  Texas Rangers @ Houston Astros  →  ✓ MATCH  pk=824193  state=Preview
[15:55:04]     [a5e515bbcd25515b...]  Milwaukee Brewers @ Minnesota Twins  →  ✓ MATCH  pk=823706  state=Preview
[15:55:04]     [ca5e359ff82548ce...]  Boston Red Sox @ Atlanta Braves  →  ✓ MATCH  pk=824924  state=Preview
[15:55:04]     [c53d7080fd560dbd...]  New York Yankees @ New York Mets  →  ✓ MATCH  pk=823627  state=Preview
[15:55:04]     [d89740dbc48f3d78...]  San Diego Padres @ Seattle Mariners  →  ✓ MATCH  pk=823139  state=Preview
[15:55:04]     [a6224f9c00c2799d...]  Los Angeles Dodgers @ Los Angeles Angels  →  ✓ MATCH  pk=824038  state=Preview
[15:55:04]     [8c4164a5b90b37ee...]  San Francisco Giants @ Athletics  →  ✓ MATCH  pk=825007  state=Preview
[15:55:04]     [996ae6b240fb1d4c...]  Miami Marlins @ Tampa Bay Rays  →  ✓ MATCH  pk=822981  state=Live
[15:55:04]     [36d5609a0cc871bc...]  Baltimore Orioles @ Washington Nationals  →  ✓ MATCH  pk=822737  state=Live
[15:55:04]     [d125d71e5b57f505...]  Philadelphia Phillies @ Pittsburgh Pirates  →  ✓ MATCH  pk=823382  state=Live
[15:55:04]     [2012acf4d020399d...]  Cincinnati Reds @ Cleveland Guardians  →  ✓ MATCH  pk=824435  state=Preview
[15:55:04]     [0d9a62c64d2a238a...]  Toronto Blue Jays @ Detroit Tigers  →  ✓ MATCH  pk=824278  state=Final
[15:55:04]     [8669868fab8f7f8c...]  New York Yankees @ New York Mets  →  ✓ MATCH  pk=823627  state=Preview
[15:55:04]     [116182ae8e840594...]  Chicago Cubs @ Chicago White Sox  →  ✓ MATCH  pk=824600  state=Preview
[15:55:04]     [202f16f2a36544c7...]  Kansas City Royals @ St. Louis Cardinals  →  ✓ MATCH  pk=823060  state=Live
[15:55:04]     [8732923778f83df5...]  Arizona Diamondbacks @ Colorado Rockies  →  ✓ MATCH  pk=824359  state=Live
[15:55:04]     [b51f77ee601ba774...]  San Francisco Giants @ Athletics  →  ✓ MATCH  pk=825007  state=Preview
[15:55:04]     [dd1591797593585f...]  Los Angeles Dodgers @ Los Angeles Angels  →  ✓ MATCH  pk=824038  state=Preview
[15:55:04]     [4a7ed5c0f59bf539...]  San Diego Padres @ Seattle Mariners  →  ✓ MATCH  pk=823139  state=Preview
[15:55:04] 
[15:55:04]   Match result: 27 matched, 0 unmatched out of 27
[15:55:04] ================================================================
[16:14:11] ================================================================
[16:14:11] LIVE SCORE DEBUG  trigger=auto-60s  date=2026-05-16  results_in_state=26  flat=26
[16:14:11] ================================================================
[16:14:11]   Fetching: https://statsapi.mlb.com/api/v1/schedule?sportId=1&date=2026-05-16&hydrate=linescore
[16:14:11]   MLB Stats API returned 15 game(s)
[16:14:11] 
[16:14:11]   Games from MLB Stats API:
[16:14:11]     pk=822737   [Live    ] (In Progress         ) Baltimore Orioles @ Washington Nationals  0-0 ▲1st B3S2O2
[16:14:11]     pk=822981   [Live    ] (In Progress         ) Miami Marlins @ Tampa Bay Rays  0-0 ▲1st B0S0O2
[16:14:11]     pk=823060   [Live    ] (In Progress         ) Kansas City Royals @ St. Louis Cardinals  1-1 ▼5th B0S1O1
[16:14:11]     pk=823139   [Preview ] (Pre-Game            ) San Diego Padres @ Seattle Mariners
[16:14:11]     pk=823382   [Live    ] (In Progress         ) Philadelphia Phillies @ Pittsburgh Pirates  3-0 ▲1st B0S0O0
[16:14:11]     pk=823627   [Preview ] (Pre-Game            ) New York Yankees @ New York Mets
[16:14:11]     pk=823706   [Preview ] (Pre-Game            ) Milwaukee Brewers @ Minnesota Twins
[16:14:11]     pk=824038   [Preview ] (Scheduled           ) Los Angeles Dodgers @ Los Angeles Angels
[16:14:11]     pk=824193   [Preview ] (Pre-Game            ) Texas Rangers @ Houston Astros
[16:14:11]     pk=824278   [Final   ] (Final               ) Toronto Blue Jays @ Detroit Tigers  Final 2-1
[16:14:11]     pk=824359   [Live    ] (In Progress         ) Arizona Diamondbacks @ Colorado Rockies  1-3 ▲3rd B0S1O3
[16:14:11]     pk=824435   [Preview ] (Pre-Game            ) Cincinnati Reds @ Cleveland Guardians
[16:14:11]     pk=824600   [Preview ] (Pre-Game            ) Chicago Cubs @ Chicago White Sox
[16:14:11]     pk=824924   [Preview ] (Pre-Game            ) Boston Red Sox @ Atlanta Braves
[16:14:11]     pk=825007   [Preview ] (Scheduled           ) San Francisco Giants @ Athletics
[16:14:11] 
[16:14:11]   State summary: Final=1  Live=5  Preview=9
[16:14:11] 
[16:14:11]   Matching stored results to live_map:
[16:14:11]     [f1f5588e7499f456...]  Kansas City Royals @ St. Louis Cardinals  →  ✓ MATCH  pk=823060  state=Live
[16:14:11]     [e794b5b54765be45...]  Arizona Diamondbacks @ Colorado Rockies  →  ✓ MATCH  pk=824359  state=Live
[16:14:11]     [2638aded4f2e2359...]  Philadelphia Phillies @ Pittsburgh Pirates  →  ✓ MATCH  pk=823382  state=Live
[16:14:11]     [cc7b9980605dd660...]  Baltimore Orioles @ Washington Nationals  →  ✓ MATCH  pk=822737  state=Live
[16:14:11]     [c0881b4a195ada00...]  Miami Marlins @ Tampa Bay Rays  →  ✓ MATCH  pk=822981  state=Live
[16:14:11]     [8cb0cf3de3f70a19...]  Cincinnati Reds @ Cleveland Guardians  →  ✓ MATCH  pk=824435  state=Preview
[16:14:11]     [4b228f8e92985dcf...]  Chicago Cubs @ Chicago White Sox  →  ✓ MATCH  pk=824600  state=Preview
[16:14:11]     [58b1dff480365011...]  Texas Rangers @ Houston Astros  →  ✓ MATCH  pk=824193  state=Preview
[16:14:11]     [a5e515bbcd25515b...]  Milwaukee Brewers @ Minnesota Twins  →  ✓ MATCH  pk=823706  state=Preview
[16:14:11]     [ca5e359ff82548ce...]  Boston Red Sox @ Atlanta Braves  →  ✓ MATCH  pk=824924  state=Preview
[16:14:11]     [c53d7080fd560dbd...]  New York Yankees @ New York Mets  →  ✓ MATCH  pk=823627  state=Preview
[16:14:11]     [d89740dbc48f3d78...]  San Diego Padres @ Seattle Mariners  →  ✓ MATCH  pk=823139  state=Preview
[16:14:11]     [a6224f9c00c2799d...]  Los Angeles Dodgers @ Los Angeles Angels  →  ✓ MATCH  pk=824038  state=Preview
[16:14:11]     [8c4164a5b90b37ee...]  San Francisco Giants @ Athletics  →  ✓ MATCH  pk=825007  state=Preview
[16:14:11]     [996ae6b240fb1d4c...]  Miami Marlins @ Tampa Bay Rays  →  ✓ MATCH  pk=822981  state=Live
[16:14:11]     [36d5609a0cc871bc...]  Baltimore Orioles @ Washington Nationals  →  ✓ MATCH  pk=822737  state=Live
[16:14:11]     [d125d71e5b57f505...]  Philadelphia Phillies @ Pittsburgh Pirates  →  ✓ MATCH  pk=823382  state=Live
[16:14:11]     [2012acf4d020399d...]  Cincinnati Reds @ Cleveland Guardians  →  ✓ MATCH  pk=824435  state=Preview
[16:14:11]     [0d9a62c64d2a238a...]  Toronto Blue Jays @ Detroit Tigers  →  ✓ MATCH  pk=824278  state=Final
[16:14:11]     [8669868fab8f7f8c...]  New York Yankees @ New York Mets  →  ✓ MATCH  pk=823627  state=Preview
[16:14:11]     [116182ae8e840594...]  Chicago Cubs @ Chicago White Sox  →  ✓ MATCH  pk=824600  state=Preview
[16:14:11]     [202f16f2a36544c7...]  Kansas City Royals @ St. Louis Cardinals  →  ✓ MATCH  pk=823060  state=Live
[16:14:11]     [8732923778f83df5...]  Arizona Diamondbacks @ Colorado Rockies  →  ✓ MATCH  pk=824359  state=Live
[16:14:11]     [b51f77ee601ba774...]  San Francisco Giants @ Athletics  →  ✓ MATCH  pk=825007  state=Preview
[16:14:11]     [dd1591797593585f...]  Los Angeles Dodgers @ Los Angeles Angels  →  ✓ MATCH  pk=824038  state=Preview
[16:14:11]     [4a7ed5c0f59bf539...]  San Diego Padres @ Seattle Mariners  →  ✓ MATCH  pk=823139  state=Preview
[16:14:11] 
[16:14:11]   Match result: 26 matched, 0 unmatched out of 26
[16:14:11] ================================================================
[10:59:25] ================================================================
[10:59:25] LIVE SCORE DEBUG  trigger=auto-60s  date=2026-05-17  results_in_state=15  flat=15
[10:59:25] ================================================================
[10:59:25]   Fetching: https://statsapi.mlb.com/api/v1/schedule?sportId=1&date=2026-05-17&hydrate=linescore
[10:59:25]   MLB Stats API returned 15 game(s)
[10:59:25] 
[10:59:25]   Games from MLB Stats API:
[10:59:25]     pk=822738   [Preview ] (Pre-Game            ) Baltimore Orioles @ Washington Nationals
[10:59:25]     pk=822982   [Preview ] (Pre-Game            ) Miami Marlins @ Tampa Bay Rays
[10:59:25]     pk=823058   [Preview ] (Scheduled           ) Kansas City Royals @ St. Louis Cardinals
[10:59:25]     pk=823138   [Preview ] (Scheduled           ) San Diego Padres @ Seattle Mariners
[10:59:25]     pk=823381   [Preview ] (Pre-Game            ) Philadelphia Phillies @ Pittsburgh Pirates
[10:59:25]     pk=823628   [Preview ] (Pre-Game            ) New York Yankees @ New York Mets
[10:59:25]     pk=823708   [Preview ] (Pre-Game            ) Milwaukee Brewers @ Minnesota Twins
[10:59:25]     pk=824034   [Preview ] (Scheduled           ) Los Angeles Dodgers @ Los Angeles Angels
[10:59:25]     pk=824192   [Preview ] (Scheduled           ) Texas Rangers @ Houston Astros
[10:59:25]     pk=824279   [Preview ] (Pre-Game            ) Toronto Blue Jays @ Detroit Tigers
[10:59:25]     pk=824358   [Preview ] (Scheduled           ) Arizona Diamondbacks @ Colorado Rockies
[10:59:25]     pk=824436   [Preview ] (Pre-Game            ) Cincinnati Reds @ Cleveland Guardians
[10:59:25]     pk=824599   [Preview ] (Scheduled           ) Chicago Cubs @ Chicago White Sox
[10:59:25]     pk=824923   [Preview ] (Pre-Game            ) Boston Red Sox @ Atlanta Braves
[10:59:25]     pk=825006   [Preview ] (Scheduled           ) San Francisco Giants @ Athletics
[10:59:25] 
[10:59:25]   State summary: Preview=15
[10:59:25] 
[10:59:25]   Matching stored results to live_map:
[10:59:25]     [996ae6b240fb1d4c...]  Miami Marlins @ Tampa Bay Rays  →  ✓ MATCH  pk=822982  state=Preview
[10:59:25]     [bfb9f1713a1e1d5a...]  Boston Red Sox @ Atlanta Braves  →  ✓ MATCH  pk=824923  state=Preview
[10:59:25]     [36d5609a0cc871bc...]  Baltimore Orioles @ Washington Nationals  →  ✓ MATCH  pk=822738  state=Preview
[10:59:25]     [d125d71e5b57f505...]  Philadelphia Phillies @ Pittsburgh Pirates  →  ✓ MATCH  pk=823381  state=Preview
[10:59:25]     [2012acf4d020399d...]  Cincinnati Reds @ Cleveland Guardians  →  ✓ MATCH  pk=824436  state=Preview
[10:59:25]     [0d9a62c64d2a238a...]  Toronto Blue Jays @ Detroit Tigers  →  ✓ MATCH  pk=824279  state=Preview
[10:59:25]     [8669868fab8f7f8c...]  New York Yankees @ New York Mets  →  ✓ MATCH  pk=823628  state=Preview
[10:59:25]     [116182ae8e840594...]  Chicago Cubs @ Chicago White Sox  →  ✓ MATCH  pk=824599  state=Preview
[10:59:25]     [c4ad12dbd84b0112...]  Texas Rangers @ Houston Astros  →  ✓ MATCH  pk=824192  state=Preview
[10:59:25]     [0fb188572539c3bf...]  Milwaukee Brewers @ Minnesota Twins  →  ✓ MATCH  pk=823708  state=Preview
[10:59:25]     [202f16f2a36544c7...]  Kansas City Royals @ St. Louis Cardinals  →  ✓ MATCH  pk=823058  state=Preview
[10:59:25]     [8732923778f83df5...]  Arizona Diamondbacks @ Colorado Rockies  →  ✓ MATCH  pk=824358  state=Preview
[10:59:25]     [b51f77ee601ba774...]  San Francisco Giants @ Athletics  →  ✓ MATCH  pk=825006  state=Preview
[10:59:25]     [dd1591797593585f...]  Los Angeles Dodgers @ Los Angeles Angels  →  ✓ MATCH  pk=824034  state=Preview
[10:59:25]     [4a7ed5c0f59bf539...]  San Diego Padres @ Seattle Mariners  →  ✓ MATCH  pk=823138  state=Preview
[10:59:25] 
[10:59:25]   Match result: 15 matched, 0 unmatched out of 15
[10:59:25] ================================================================
[11:00:25] ================================================================
[11:00:25] LIVE SCORE DEBUG  trigger=auto-60s  date=2026-05-17  results_in_state=15  flat=15
[11:00:25] ================================================================
[11:00:25]   Fetching: https://statsapi.mlb.com/api/v1/schedule?sportId=1&date=2026-05-17&hydrate=linescore
[11:00:25]   MLB Stats API returned 15 game(s)
[11:00:25] 
[11:00:25]   Games from MLB Stats API:
[11:00:25]     pk=822738   [Preview ] (Pre-Game            ) Baltimore Orioles @ Washington Nationals
[11:00:25]     pk=822982   [Preview ] (Pre-Game            ) Miami Marlins @ Tampa Bay Rays
[11:00:25]     pk=823058   [Preview ] (Scheduled           ) Kansas City Royals @ St. Louis Cardinals
[11:00:25]     pk=823138   [Preview ] (Scheduled           ) San Diego Padres @ Seattle Mariners
[11:00:25]     pk=823381   [Preview ] (Pre-Game            ) Philadelphia Phillies @ Pittsburgh Pirates
[11:00:25]     pk=823628   [Preview ] (Pre-Game            ) New York Yankees @ New York Mets
[11:00:25]     pk=823708   [Preview ] (Pre-Game            ) Milwaukee Brewers @ Minnesota Twins
[11:00:25]     pk=824034   [Preview ] (Scheduled           ) Los Angeles Dodgers @ Los Angeles Angels
[11:00:25]     pk=824192   [Preview ] (Scheduled           ) Texas Rangers @ Houston Astros
[11:00:25]     pk=824279   [Preview ] (Pre-Game            ) Toronto Blue Jays @ Detroit Tigers
[11:00:25]     pk=824358   [Preview ] (Scheduled           ) Arizona Diamondbacks @ Colorado Rockies
[11:00:25]     pk=824436   [Preview ] (Pre-Game            ) Cincinnati Reds @ Cleveland Guardians
[11:00:25]     pk=824599   [Preview ] (Scheduled           ) Chicago Cubs @ Chicago White Sox
[11:00:25]     pk=824923   [Preview ] (Pre-Game            ) Boston Red Sox @ Atlanta Braves
[11:00:25]     pk=825006   [Preview ] (Scheduled           ) San Francisco Giants @ Athletics
[11:00:25] 
[11:00:25]   State summary: Preview=15
[11:00:25] 
[11:00:25]   Matching stored results to live_map:
[11:00:25]     [996ae6b240fb1d4c...]  Miami Marlins @ Tampa Bay Rays  →  ✓ MATCH  pk=822982  state=Preview
[11:00:25]     [bfb9f1713a1e1d5a...]  Boston Red Sox @ Atlanta Braves  →  ✓ MATCH  pk=824923  state=Preview
[11:00:25]     [36d5609a0cc871bc...]  Baltimore Orioles @ Washington Nationals  →  ✓ MATCH  pk=822738  state=Preview
[11:00:25]     [d125d71e5b57f505...]  Philadelphia Phillies @ Pittsburgh Pirates  →  ✓ MATCH  pk=823381  state=Preview
[11:00:25]     [2012acf4d020399d...]  Cincinnati Reds @ Cleveland Guardians  →  ✓ MATCH  pk=824436  state=Preview
[11:00:25]     [0d9a62c64d2a238a...]  Toronto Blue Jays @ Detroit Tigers  →  ✓ MATCH  pk=824279  state=Preview
[11:00:25]     [8669868fab8f7f8c...]  New York Yankees @ New York Mets  →  ✓ MATCH  pk=823628  state=Preview
[11:00:25]     [116182ae8e840594...]  Chicago Cubs @ Chicago White Sox  →  ✓ MATCH  pk=824599  state=Preview
[11:00:25]     [c4ad12dbd84b0112...]  Texas Rangers @ Houston Astros  →  ✓ MATCH  pk=824192  state=Preview
[11:00:25]     [0fb188572539c3bf...]  Milwaukee Brewers @ Minnesota Twins  →  ✓ MATCH  pk=823708  state=Preview
[11:00:25]     [202f16f2a36544c7...]  Kansas City Royals @ St. Louis Cardinals  →  ✓ MATCH  pk=823058  state=Preview
[11:00:25]     [8732923778f83df5...]  Arizona Diamondbacks @ Colorado Rockies  →  ✓ MATCH  pk=824358  state=Preview
[11:00:25]     [b51f77ee601ba774...]  San Francisco Giants @ Athletics  →  ✓ MATCH  pk=825006  state=Preview
[11:00:25]     [dd1591797593585f...]  Los Angeles Dodgers @ Los Angeles Angels  →  ✓ MATCH  pk=824034  state=Preview
[11:00:25]     [4a7ed5c0f59bf539...]  San Diego Padres @ Seattle Mariners  →  ✓ MATCH  pk=823138  state=Preview
[11:00:25] 
[11:00:25]   Match result: 15 matched, 0 unmatched out of 15
[11:00:25] ================================================================
[11:01:25] ================================================================
[11:01:25] LIVE SCORE DEBUG  trigger=auto-60s  date=2026-05-17  results_in_state=15  flat=15
[11:01:25] ================================================================
[11:01:25]   Fetching: https://statsapi.mlb.com/api/v1/schedule?sportId=1&date=2026-05-17&hydrate=linescore
[11:01:26]   MLB Stats API returned 15 game(s)
[11:01:26] 
[11:01:26]   Games from MLB Stats API:
[11:01:26]     pk=822738   [Preview ] (Pre-Game            ) Baltimore Orioles @ Washington Nationals
[11:01:26]     pk=822982   [Preview ] (Pre-Game            ) Miami Marlins @ Tampa Bay Rays
[11:01:26]     pk=823058   [Preview ] (Scheduled           ) Kansas City Royals @ St. Louis Cardinals
[11:01:26]     pk=823138   [Preview ] (Scheduled           ) San Diego Padres @ Seattle Mariners
[11:01:26]     pk=823381   [Preview ] (Pre-Game            ) Philadelphia Phillies @ Pittsburgh Pirates
[11:01:26]     pk=823628   [Preview ] (Pre-Game            ) New York Yankees @ New York Mets
[11:01:26]     pk=823708   [Preview ] (Pre-Game            ) Milwaukee Brewers @ Minnesota Twins
[11:01:26]     pk=824034   [Preview ] (Scheduled           ) Los Angeles Dodgers @ Los Angeles Angels
[11:01:26]     pk=824192   [Preview ] (Scheduled           ) Texas Rangers @ Houston Astros
[11:01:26]     pk=824279   [Preview ] (Pre-Game            ) Toronto Blue Jays @ Detroit Tigers
[11:01:26]     pk=824358   [Preview ] (Scheduled           ) Arizona Diamondbacks @ Colorado Rockies
[11:01:26]     pk=824436   [Preview ] (Pre-Game            ) Cincinnati Reds @ Cleveland Guardians
[11:01:26]     pk=824599   [Preview ] (Scheduled           ) Chicago Cubs @ Chicago White Sox
[11:01:26]     pk=824923   [Preview ] (Pre-Game            ) Boston Red Sox @ Atlanta Braves
[11:01:26]     pk=825006   [Preview ] (Scheduled           ) San Francisco Giants @ Athletics
[11:01:26] 
[11:01:26]   State summary: Preview=15
[11:01:26] 
[11:01:26]   Matching stored results to live_map:
[11:01:26]     [996ae6b240fb1d4c...]  Miami Marlins @ Tampa Bay Rays  →  ✓ MATCH  pk=822982  state=Preview
[11:01:26]     [bfb9f1713a1e1d5a...]  Boston Red Sox @ Atlanta Braves  →  ✓ MATCH  pk=824923  state=Preview
[11:01:26]     [36d5609a0cc871bc...]  Baltimore Orioles @ Washington Nationals  →  ✓ MATCH  pk=822738  state=Preview
[11:01:26]     [d125d71e5b57f505...]  Philadelphia Phillies @ Pittsburgh Pirates  →  ✓ MATCH  pk=823381  state=Preview
[11:01:26]     [2012acf4d020399d...]  Cincinnati Reds @ Cleveland Guardians  →  ✓ MATCH  pk=824436  state=Preview
[11:01:26]     [0d9a62c64d2a238a...]  Toronto Blue Jays @ Detroit Tigers  →  ✓ MATCH  pk=824279  state=Preview
[11:01:26]     [8669868fab8f7f8c...]  New York Yankees @ New York Mets  →  ✓ MATCH  pk=823628  state=Preview
[11:01:26]     [116182ae8e840594...]  Chicago Cubs @ Chicago White Sox  →  ✓ MATCH  pk=824599  state=Preview
[11:01:26]     [c4ad12dbd84b0112...]  Texas Rangers @ Houston Astros  →  ✓ MATCH  pk=824192  state=Preview
[11:01:26]     [0fb188572539c3bf...]  Milwaukee Brewers @ Minnesota Twins  →  ✓ MATCH  pk=823708  state=Preview
[11:01:26]     [202f16f2a36544c7...]  Kansas City Royals @ St. Louis Cardinals  →  ✓ MATCH  pk=823058  state=Preview
[11:01:26]     [8732923778f83df5...]  Arizona Diamondbacks @ Colorado Rockies  →  ✓ MATCH  pk=824358  state=Preview
[11:01:26]     [b51f77ee601ba774...]  San Francisco Giants @ Athletics  →  ✓ MATCH  pk=825006  state=Preview
[11:01:26]     [dd1591797593585f...]  Los Angeles Dodgers @ Los Angeles Angels  →  ✓ MATCH  pk=824034  state=Preview
[11:01:26]     [4a7ed5c0f59bf539...]  San Diego Padres @ Seattle Mariners  →  ✓ MATCH  pk=823138  state=Preview
[11:01:26] 
[11:01:26]   Match result: 15 matched, 0 unmatched out of 15
[11:01:26] ================================================================
[11:02:26] ================================================================
[11:02:26] LIVE SCORE DEBUG  trigger=auto-60s  date=2026-05-17  results_in_state=15  flat=15
[11:02:26] ================================================================
[11:02:26]   Fetching: https://statsapi.mlb.com/api/v1/schedule?sportId=1&date=2026-05-17&hydrate=linescore
[11:02:26]   MLB Stats API returned 15 game(s)
[11:02:26] 
[11:02:26]   Games from MLB Stats API:
[11:02:26]     pk=822738   [Preview ] (Pre-Game            ) Baltimore Orioles @ Washington Nationals
[11:02:26]     pk=822982   [Preview ] (Pre-Game            ) Miami Marlins @ Tampa Bay Rays
[11:02:26]     pk=823058   [Preview ] (Scheduled           ) Kansas City Royals @ St. Louis Cardinals
[11:02:26]     pk=823138   [Preview ] (Scheduled           ) San Diego Padres @ Seattle Mariners
[11:02:26]     pk=823381   [Preview ] (Pre-Game            ) Philadelphia Phillies @ Pittsburgh Pirates
[11:02:26]     pk=823628   [Preview ] (Pre-Game            ) New York Yankees @ New York Mets
[11:02:26]     pk=823708   [Preview ] (Pre-Game            ) Milwaukee Brewers @ Minnesota Twins
[11:02:26]     pk=824034   [Preview ] (Scheduled           ) Los Angeles Dodgers @ Los Angeles Angels
[11:02:26]     pk=824192   [Preview ] (Scheduled           ) Texas Rangers @ Houston Astros
[11:02:26]     pk=824279   [Preview ] (Pre-Game            ) Toronto Blue Jays @ Detroit Tigers
[11:02:26]     pk=824358   [Preview ] (Scheduled           ) Arizona Diamondbacks @ Colorado Rockies
[11:02:26]     pk=824436   [Preview ] (Pre-Game            ) Cincinnati Reds @ Cleveland Guardians
[11:02:26]     pk=824599   [Preview ] (Pre-Game            ) Chicago Cubs @ Chicago White Sox
[11:02:26]     pk=824923   [Preview ] (Pre-Game            ) Boston Red Sox @ Atlanta Braves
[11:02:26]     pk=825006   [Preview ] (Scheduled           ) San Francisco Giants @ Athletics
[11:02:26] 
[11:02:26]   State summary: Preview=15
[11:02:26] 
[11:02:26]   Matching stored results to live_map:
[11:02:26]     [996ae6b240fb1d4c...]  Miami Marlins @ Tampa Bay Rays  →  ✓ MATCH  pk=822982  state=Preview
[11:02:26]     [bfb9f1713a1e1d5a...]  Boston Red Sox @ Atlanta Braves  →  ✓ MATCH  pk=824923  state=Preview
[11:02:26]     [36d5609a0cc871bc...]  Baltimore Orioles @ Washington Nationals  →  ✓ MATCH  pk=822738  state=Preview
[11:02:26]     [d125d71e5b57f505...]  Philadelphia Phillies @ Pittsburgh Pirates  →  ✓ MATCH  pk=823381  state=Preview
[11:02:26]     [2012acf4d020399d...]  Cincinnati Reds @ Cleveland Guardians  →  ✓ MATCH  pk=824436  state=Preview
[11:02:26]     [0d9a62c64d2a238a...]  Toronto Blue Jays @ Detroit Tigers  →  ✓ MATCH  pk=824279  state=Preview
[11:02:26]     [8669868fab8f7f8c...]  New York Yankees @ New York Mets  →  ✓ MATCH  pk=823628  state=Preview
[11:02:26]     [116182ae8e840594...]  Chicago Cubs @ Chicago White Sox  →  ✓ MATCH  pk=824599  state=Preview
[11:02:26]     [c4ad12dbd84b0112...]  Texas Rangers @ Houston Astros  →  ✓ MATCH  pk=824192  state=Preview
[11:02:26]     [0fb188572539c3bf...]  Milwaukee Brewers @ Minnesota Twins  →  ✓ MATCH  pk=823708  state=Preview
[11:02:26]     [202f16f2a36544c7...]  Kansas City Royals @ St. Louis Cardinals  →  ✓ MATCH  pk=823058  state=Preview
[11:02:26]     [8732923778f83df5...]  Arizona Diamondbacks @ Colorado Rockies  →  ✓ MATCH  pk=824358  state=Preview
[11:02:26]     [b51f77ee601ba774...]  San Francisco Giants @ Athletics  →  ✓ MATCH  pk=825006  state=Preview
[11:02:26]     [dd1591797593585f...]  Los Angeles Dodgers @ Los Angeles Angels  →  ✓ MATCH  pk=824034  state=Preview
[11:02:26]     [4a7ed5c0f59bf539...]  San Diego Padres @ Seattle Mariners  →  ✓ MATCH  pk=823138  state=Preview
[11:02:26] 
[11:02:26]   Match result: 15 matched, 0 unmatched out of 15
[11:02:26] ================================================================
[11:03:26] ================================================================
[11:03:26] LIVE SCORE DEBUG  trigger=auto-60s  date=2026-05-17  results_in_state=15  flat=15
[11:03:26] ================================================================
[11:03:26]   Fetching: https://statsapi.mlb.com/api/v1/schedule?sportId=1&date=2026-05-17&hydrate=linescore
[11:03:26]   MLB Stats API returned 15 game(s)
[11:03:26] 
[11:03:26]   Games from MLB Stats API:
[11:03:26]     pk=822738   [Preview ] (Pre-Game            ) Baltimore Orioles @ Washington Nationals
[11:03:26]     pk=822982   [Preview ] (Pre-Game            ) Miami Marlins @ Tampa Bay Rays
[11:03:26]     pk=823058   [Preview ] (Scheduled           ) Kansas City Royals @ St. Louis Cardinals
[11:03:26]     pk=823138   [Preview ] (Scheduled           ) San Diego Padres @ Seattle Mariners
[11:03:26]     pk=823381   [Preview ] (Pre-Game            ) Philadelphia Phillies @ Pittsburgh Pirates
[11:03:26]     pk=823628   [Preview ] (Pre-Game            ) New York Yankees @ New York Mets
[11:03:26]     pk=823708   [Preview ] (Pre-Game            ) Milwaukee Brewers @ Minnesota Twins
[11:03:26]     pk=824034   [Preview ] (Scheduled           ) Los Angeles Dodgers @ Los Angeles Angels
[11:03:26]     pk=824192   [Preview ] (Scheduled           ) Texas Rangers @ Houston Astros
[11:03:26]     pk=824279   [Preview ] (Pre-Game            ) Toronto Blue Jays @ Detroit Tigers
[11:03:26]     pk=824358   [Preview ] (Scheduled           ) Arizona Diamondbacks @ Colorado Rockies
[11:03:26]     pk=824436   [Preview ] (Pre-Game            ) Cincinnati Reds @ Cleveland Guardians
[11:03:26]     pk=824599   [Preview ] (Pre-Game            ) Chicago Cubs @ Chicago White Sox
[11:03:26]     pk=824923   [Preview ] (Pre-Game            ) Boston Red Sox @ Atlanta Braves
[11:03:26]     pk=825006   [Preview ] (Scheduled           ) San Francisco Giants @ Athletics
[11:03:26] 
[11:03:26]   State summary: Preview=15
[11:03:26] 
[11:03:26]   Matching stored results to live_map:
[11:03:26]     [996ae6b240fb1d4c...]  Miami Marlins @ Tampa Bay Rays  →  ✓ MATCH  pk=822982  state=Preview
[11:03:26]     [bfb9f1713a1e1d5a...]  Boston Red Sox @ Atlanta Braves  →  ✓ MATCH  pk=824923  state=Preview
[11:03:26]     [36d5609a0cc871bc...]  Baltimore Orioles @ Washington Nationals  →  ✓ MATCH  pk=822738  state=Preview
[11:03:26]     [d125d71e5b57f505...]  Philadelphia Phillies @ Pittsburgh Pirates  →  ✓ MATCH  pk=823381  state=Preview
[11:03:26]     [2012acf4d020399d...]  Cincinnati Reds @ Cleveland Guardians  →  ✓ MATCH  pk=824436  state=Preview
[11:03:26]     [0d9a62c64d2a238a...]  Toronto Blue Jays @ Detroit Tigers  →  ✓ MATCH  pk=824279  state=Preview
[11:03:26]     [8669868fab8f7f8c...]  New York Yankees @ New York Mets  →  ✓ MATCH  pk=823628  state=Preview
[11:03:26]     [116182ae8e840594...]  Chicago Cubs @ Chicago White Sox  →  ✓ MATCH  pk=824599  state=Preview
[11:03:26]     [c4ad12dbd84b0112...]  Texas Rangers @ Houston Astros  →  ✓ MATCH  pk=824192  state=Preview
[11:03:26]     [0fb188572539c3bf...]  Milwaukee Brewers @ Minnesota Twins  →  ✓ MATCH  pk=823708  state=Preview
[11:03:26]     [202f16f2a36544c7...]  Kansas City Royals @ St. Louis Cardinals  →  ✓ MATCH  pk=823058  state=Preview
[11:03:26]     [8732923778f83df5...]  Arizona Diamondbacks @ Colorado Rockies  →  ✓ MATCH  pk=824358  state=Preview
[11:03:26]     [b51f77ee601ba774...]  San Francisco Giants @ Athletics  →  ✓ MATCH  pk=825006  state=Preview
[11:03:26]     [dd1591797593585f...]  Los Angeles Dodgers @ Los Angeles Angels  →  ✓ MATCH  pk=824034  state=Preview
[11:03:26]     [4a7ed5c0f59bf539...]  San Diego Padres @ Seattle Mariners  →  ✓ MATCH  pk=823138  state=Preview
[11:03:26] 
[11:03:26]   Match result: 15 matched, 0 unmatched out of 15
[11:03:26] ================================================================
[11:04:26] ================================================================
[11:04:26] LIVE SCORE DEBUG  trigger=auto-60s  date=2026-05-17  results_in_state=15  flat=15
[11:04:26] ================================================================
[11:04:26]   Fetching: https://statsapi.mlb.com/api/v1/schedule?sportId=1&date=2026-05-17&hydrate=linescore
[11:04:26]   MLB Stats API returned 15 game(s)
[11:04:26] 
[11:04:26]   Games from MLB Stats API:
[11:04:26]     pk=822738   [Preview ] (Pre-Game            ) Baltimore Orioles @ Washington Nationals
[11:04:26]     pk=822982   [Preview ] (Pre-Game            ) Miami Marlins @ Tampa Bay Rays
[11:04:26]     pk=823058   [Preview ] (Scheduled           ) Kansas City Royals @ St. Louis Cardinals
[11:04:26]     pk=823138   [Preview ] (Scheduled           ) San Diego Padres @ Seattle Mariners
[11:04:26]     pk=823381   [Preview ] (Pre-Game            ) Philadelphia Phillies @ Pittsburgh Pirates
[11:04:26]     pk=823628   [Preview ] (Pre-Game            ) New York Yankees @ New York Mets
[11:04:26]     pk=823708   [Preview ] (Pre-Game            ) Milwaukee Brewers @ Minnesota Twins
[11:04:26]     pk=824034   [Preview ] (Scheduled           ) Los Angeles Dodgers @ Los Angeles Angels
[11:04:26]     pk=824192   [Preview ] (Scheduled           ) Texas Rangers @ Houston Astros
[11:04:26]     pk=824279   [Preview ] (Pre-Game            ) Toronto Blue Jays @ Detroit Tigers
[11:04:26]     pk=824358   [Preview ] (Scheduled           ) Arizona Diamondbacks @ Colorado Rockies
[11:04:26]     pk=824436   [Preview ] (Pre-Game            ) Cincinnati Reds @ Cleveland Guardians
[11:04:26]     pk=824599   [Preview ] (Pre-Game            ) Chicago Cubs @ Chicago White Sox
[11:04:26]     pk=824923   [Preview ] (Pre-Game            ) Boston Red Sox @ Atlanta Braves
[11:04:26]     pk=825006   [Preview ] (Scheduled           ) San Francisco Giants @ Athletics
[11:04:26] 
[11:04:26]   State summary: Preview=15
[11:04:26] 
[11:04:26]   Matching stored results to live_map:
[11:04:26]     [996ae6b240fb1d4c...]  Miami Marlins @ Tampa Bay Rays  →  ✓ MATCH  pk=822982  state=Preview
[11:04:26]     [bfb9f1713a1e1d5a...]  Boston Red Sox @ Atlanta Braves  →  ✓ MATCH  pk=824923  state=Preview
[11:04:26]     [36d5609a0cc871bc...]  Baltimore Orioles @ Washington Nationals  →  ✓ MATCH  pk=822738  state=Preview
[11:04:26]     [d125d71e5b57f505...]  Philadelphia Phillies @ Pittsburgh Pirates  →  ✓ MATCH  pk=823381  state=Preview
[11:04:26]     [2012acf4d020399d...]  Cincinnati Reds @ Cleveland Guardians  →  ✓ MATCH  pk=824436  state=Preview
[11:04:26]     [0d9a62c64d2a238a...]  Toronto Blue Jays @ Detroit Tigers  →  ✓ MATCH  pk=824279  state=Preview
[11:04:26]     [8669868fab8f7f8c...]  New York Yankees @ New York Mets  →  ✓ MATCH  pk=823628  state=Preview
[11:04:26]     [116182ae8e840594...]  Chicago Cubs @ Chicago White Sox  →  ✓ MATCH  pk=824599  state=Preview
[11:04:26]     [c4ad12dbd84b0112...]  Texas Rangers @ Houston Astros  →  ✓ MATCH  pk=824192  state=Preview
[11:04:26]     [0fb188572539c3bf...]  Milwaukee Brewers @ Minnesota Twins  →  ✓ MATCH  pk=823708  state=Preview
[11:04:26]     [202f16f2a36544c7...]  Kansas City Royals @ St. Louis Cardinals  →  ✓ MATCH  pk=823058  state=Preview
[11:04:26]     [8732923778f83df5...]  Arizona Diamondbacks @ Colorado Rockies  →  ✓ MATCH  pk=824358  state=Preview
[11:04:26]     [b51f77ee601ba774...]  San Francisco Giants @ Athletics  →  ✓ MATCH  pk=825006  state=Preview
[11:04:26]     [dd1591797593585f...]  Los Angeles Dodgers @ Los Angeles Angels  →  ✓ MATCH  pk=824034  state=Preview
[11:04:26]     [4a7ed5c0f59bf539...]  San Diego Padres @ Seattle Mariners  →  ✓ MATCH  pk=823138  state=Preview
[11:04:26] 
[11:04:26]   Match result: 15 matched, 0 unmatched out of 15
[11:04:26] ================================================================
[11:05:26] ================================================================
[11:05:26] LIVE SCORE DEBUG  trigger=auto-60s  date=2026-05-17  results_in_state=15  flat=15
[11:05:26] ================================================================
[11:05:26]   Fetching: https://statsapi.mlb.com/api/v1/schedule?sportId=1&date=2026-05-17&hydrate=linescore
[11:05:26]   MLB Stats API returned 15 game(s)
[11:05:26] 
[11:05:26]   Games from MLB Stats API:
[11:05:26]     pk=822738   [Preview ] (Pre-Game            ) Baltimore Orioles @ Washington Nationals
[11:05:26]     pk=822982   [Preview ] (Pre-Game            ) Miami Marlins @ Tampa Bay Rays
[11:05:26]     pk=823058   [Preview ] (Scheduled           ) Kansas City Royals @ St. Louis Cardinals
[11:05:26]     pk=823138   [Preview ] (Scheduled           ) San Diego Padres @ Seattle Mariners
[11:05:26]     pk=823381   [Preview ] (Pre-Game            ) Philadelphia Phillies @ Pittsburgh Pirates
[11:05:26]     pk=823628   [Preview ] (Pre-Game            ) New York Yankees @ New York Mets
[11:05:26]     pk=823708   [Preview ] (Pre-Game            ) Milwaukee Brewers @ Minnesota Twins
[11:05:26]     pk=824034   [Preview ] (Scheduled           ) Los Angeles Dodgers @ Los Angeles Angels
[11:05:26]     pk=824192   [Preview ] (Scheduled           ) Texas Rangers @ Houston Astros
[11:05:26]     pk=824279   [Preview ] (Pre-Game            ) Toronto Blue Jays @ Detroit Tigers
[11:05:26]     pk=824358   [Preview ] (Scheduled           ) Arizona Diamondbacks @ Colorado Rockies
[11:05:26]     pk=824436   [Preview ] (Pre-Game            ) Cincinnati Reds @ Cleveland Guardians
[11:05:26]     pk=824599   [Preview ] (Pre-Game            ) Chicago Cubs @ Chicago White Sox
[11:05:26]     pk=824923   [Preview ] (Pre-Game            ) Boston Red Sox @ Atlanta Braves
[11:05:26]     pk=825006   [Preview ] (Scheduled           ) San Francisco Giants @ Athletics
[11:05:26] 
[11:05:26]   State summary: Preview=15
[11:05:26] 
[11:05:26]   Matching stored results to live_map:
[11:05:26]     [996ae6b240fb1d4c...]  Miami Marlins @ Tampa Bay Rays  →  ✓ MATCH  pk=822982  state=Preview
[11:05:26]     [bfb9f1713a1e1d5a...]  Boston Red Sox @ Atlanta Braves  →  ✓ MATCH  pk=824923  state=Preview
[11:05:26]     [36d5609a0cc871bc...]  Baltimore Orioles @ Washington Nationals  →  ✓ MATCH  pk=822738  state=Preview
[11:05:26]     [d125d71e5b57f505...]  Philadelphia Phillies @ Pittsburgh Pirates  →  ✓ MATCH  pk=823381  state=Preview
[11:05:26]     [2012acf4d020399d...]  Cincinnati Reds @ Cleveland Guardians  →  ✓ MATCH  pk=824436  state=Preview
[11:05:26]     [0d9a62c64d2a238a...]  Toronto Blue Jays @ Detroit Tigers  →  ✓ MATCH  pk=824279  state=Preview
[11:05:26]     [8669868fab8f7f8c...]  New York Yankees @ New York Mets  →  ✓ MATCH  pk=823628  state=Preview
[11:05:26]     [116182ae8e840594...]  Chicago Cubs @ Chicago White Sox  →  ✓ MATCH  pk=824599  state=Preview
[11:05:26]     [c4ad12dbd84b0112...]  Texas Rangers @ Houston Astros  →  ✓ MATCH  pk=824192  state=Preview
[11:05:26]     [0fb188572539c3bf...]  Milwaukee Brewers @ Minnesota Twins  →  ✓ MATCH  pk=823708  state=Preview
[11:05:26]     [202f16f2a36544c7...]  Kansas City Royals @ St. Louis Cardinals  →  ✓ MATCH  pk=823058  state=Preview
[11:05:26]     [8732923778f83df5...]  Arizona Diamondbacks @ Colorado Rockies  →  ✓ MATCH  pk=824358  state=Preview
[11:05:26]     [b51f77ee601ba774...]  San Francisco Giants @ Athletics  →  ✓ MATCH  pk=825006  state=Preview
[11:05:26]     [dd1591797593585f...]  Los Angeles Dodgers @ Los Angeles Angels  →  ✓ MATCH  pk=824034  state=Preview
[11:05:26]     [4a7ed5c0f59bf539...]  San Diego Padres @ Seattle Mariners  →  ✓ MATCH  pk=823138  state=Preview
[11:05:26] 
[11:05:26]   Match result: 15 matched, 0 unmatched out of 15
[11:05:26] ================================================================
